# JRE version: Java(TM) SE Runtime Environment (8.0_25-b18) (build 1.8.0_25-b18)
# Java VM: Java HotSpot(TM) 64-Bit Server VM (25.25-b02 mixed mode windows-amd64 compressed oops)
Heap:
 PSYoungGen      total 263680K, used 150122K [0x00000000d5e00000, 0x00000000e8380000, 0x0000000100000000)
  eden space 228352K, 65% used [0x00000000d5e00000,0x00000000df09aa58,0x00000000e3d00000)
  from space 35328K, 0% used [0x00000000e6000000,0x00000000e6000000,0x00000000e8280000)
  to   space 35840K, 0% used [0x00000000e3d00000,0x00000000e3d00000,0x00000000e6000000)
 ParOldGen       total 112640K, used 34225K [0x0000000081a00000, 0x0000000088800000, 0x00000000d5e00000)
  object space 112640K, 30% used [0x0000000081a00000,0x0000000083b6c650,0x0000000088800000)
 Metaspace       used 46544K, capacity 47405K, committed 47616K, reserved 1091584K
  class space    used 5400K, capacity 5622K, committed 5632K, reserved 1048576K
GC Heap History (10 events):
Event: 10.752 GC heap before
{Heap before GC invocations=10 (full 1):
 PSYoungGen      total 239616K, used 189559K [0x00000000d5e00000, 0x00000000e7400000, 0x0000000100000000)
  eden space 228864K, 78% used [0x00000000d5e00000,0x00000000e0c9fc18,0x00000000e3d80000)
  from space 10752K, 99% used [0x00000000e6980000,0x00000000e73fe288,0x00000000e7400000)
  to   space 22016K, 0% used [0x00000000e4900000,0x00000000e4900000,0x00000000e5e80000)
 ParOldGen       total 64512K, used 35186K [0x0000000081a00000, 0x0000000085900000, 0x00000000d5e00000)
  object space 64512K, 54% used [0x0000000081a00000,0x0000000083c5ca38,0x0000000085900000)
 Metaspace       used 33576K, capacity 34262K, committed 34560K, reserved 1079296K
  class space    used 4066K, capacity 4274K, committed 4352K, reserved 1048576K
Event: 10.848 GC heap after
Heap after GC invocations=10 (full 1):
 PSYoungGen      total 250880K, used 21989K [0x00000000d5e00000, 0x00000000e8280000, 0x0000000100000000)
  eden space 228864K, 0% used [0x00000000d5e00000,0x00000000d5e00000,0x00000000e3d80000)
  from space 22016K, 99% used [0x00000000e4900000,0x00000000e5e79780,0x00000000e5e80000)
  to   space 35328K, 0% used [0x00000000e6000000,0x00000000e6000000,0x00000000e8280000)
 ParOldGen       total 64512K, used 60158K [0x0000000081a00000, 0x0000000085900000, 0x00000000d5e00000)
  object space 64512K, 93% used [0x0000000081a00000,0x00000000854bf8c8,0x0000000085900000)
 Metaspace       used 33576K, capacity 34262K, committed 34560K, reserved 1079296K
  class space    used 4066K, capacity 4274K, committed 4352K, reserved 1048576K
}
Event: 10.848 GC heap before
{Heap before GC invocations=11 (full 2):
 PSYoungGen      total 250880K, used 21989K [0x00000000d5e00000, 0x00000000e8280000, 0x0000000100000000)
  eden space 228864K, 0% used [0x00000000d5e00000,0x00000000d5e00000,0x00000000e3d80000)
  from space 22016K, 99% used [0x00000000e4900000,0x00000000e5e79780,0x00000000e5e80000)
  to   space 35328K, 0% used [0x00000000e6000000,0x00000000e6000000,0x00000000e8280000)
 ParOldGen       total 64512K, used 60158K [0x0000000081a00000, 0x0000000085900000, 0x00000000d5e00000)
  object space 64512K, 93% used [0x0000000081a00000,0x00000000854bf8c8,0x0000000085900000)
 Metaspace       used 33576K, capacity 34262K, committed 34560K, reserved 1079296K
  class space    used 4066K, capacity 4274K, committed 4352K, reserved 1048576K
Event: 11.034 GC heap after
Heap after GC invocations=11 (full 2):
 PSYoungGen      total 250880K, used 0K [0x00000000d5e00000, 0x00000000e8280000, 0x0000000100000000)
  eden space 228864K, 0% used [0x00000000d5e00000,0x00000000d5e00000,0x00000000e3d80000)
  from space 22016K, 0% used [0x00000000e4900000,0x00000000e4900000,0x00000000e5e80000)
  to   space 35328K, 0% used [0x00000000e6000000,0x00000000e6000000,0x00000000e8280000)
 ParOldGen       total 64512K, used 55984K [0x0000000081a00000, 0x0000000085900000, 0x00000000d5e00000)
  object space 64512K, 86% used [0x0000000081a00000,0x00000000850ac1e0,0x0000000085900000)
 Metaspace       used 33575K, capacity 34260K, committed 34560K, reserved 1079296K
  class space    used 4065K, capacity 4273K, committed 4352K, reserved 1048576K
}
Event: 11.035 GC heap before
{Heap before GC invocations=12 (full 2):
 PSYoungGen      total 250880K, used 3884K [0x00000000d5e00000, 0x00000000e8280000, 0x0000000100000000)
  eden space 228864K, 1% used [0x00000000d5e00000,0x00000000d61cb390,0x00000000e3d80000)
  from space 22016K, 0% used [0x00000000e4900000,0x00000000e4900000,0x00000000e5e80000)
  to   space 35328K, 0% used [0x00000000e6000000,0x00000000e6000000,0x00000000e8280000)
 ParOldGen       total 64512K, used 55984K [0x0000000081a00000, 0x0000000085900000, 0x00000000d5e00000)
  object space 64512K, 86% used [0x0000000081a00000,0x00000000850ac1e0,0x0000000085900000)
 Metaspace       used 33575K, capacity 34260K, committed 34560K, reserved 1079296K
  class space    used 4065K, capacity 4273K, committed 4352K, reserved 1048576K
Event: 11.036 GC heap after
Heap after GC invocations=12 (full 2):
 PSYoungGen      total 263680K, used 128K [0x00000000d5e00000, 0x00000000e8380000, 0x0000000100000000)
  eden space 228352K, 0% used [0x00000000d5e00000,0x00000000d5e00000,0x00000000e3d00000)
  from space 35328K, 0% used [0x00000000e6000000,0x00000000e6020000,0x00000000e8280000)
  to   space 35840K, 0% used [0x00000000e3d00000,0x00000000e3d00000,0x00000000e6000000)
 ParOldGen       total 64512K, used 55984K [0x0000000081a00000, 0x0000000085900000, 0x00000000d5e00000)
  object space 64512K, 86% used [0x0000000081a00000,0x00000000850ac1e0,0x0000000085900000)
 Metaspace       used 33575K, capacity 34260K, committed 34560K, reserved 1079296K
  class space    used 4065K, capacity 4273K, committed 4352K, reserved 1048576K
}
Event: 11.036 GC heap before
{Heap before GC invocations=13 (full 3):
 PSYoungGen      total 263680K, used 128K [0x00000000d5e00000, 0x00000000e8380000, 0x0000000100000000)
  eden space 228352K, 0% used [0x00000000d5e00000,0x00000000d5e00000,0x00000000e3d00000)
  from space 35328K, 0% used [0x00000000e6000000,0x00000000e6020000,0x00000000e8280000)
  to   space 35840K, 0% used [0x00000000e3d00000,0x00000000e3d00000,0x00000000e6000000)
 ParOldGen       total 64512K, used 55984K [0x0000000081a00000, 0x0000000085900000, 0x00000000d5e00000)
  object space 64512K, 86% used [0x0000000081a00000,0x00000000850ac1e0,0x0000000085900000)
 Metaspace       used 33575K, capacity 34260K, committed 34560K, reserved 1079296K
  class space    used 4065K, capacity 4273K, committed 4352K, reserved 1048576K
Event: 11.113 GC heap after
Heap after GC invocations=13 (full 3):
 PSYoungGen      total 263680K, used 0K [0x00000000d5e00000, 0x00000000e8380000, 0x0000000100000000)
  eden space 228352K, 0% used [0x00000000d5e00000,0x00000000d5e00000,0x00000000e3d00000)
  from space 35328K, 0% used [0x00000000e6000000,0x00000000e6000000,0x00000000e8280000)
  to   space 35840K, 0% used [0x00000000e3d00000,0x00000000e3d00000,0x00000000e6000000)
 ParOldGen       total 64512K, used 55984K [0x0000000081a00000, 0x0000000085900000, 0x00000000d5e00000)
  object space 64512K, 86% used [0x0000000081a00000,0x00000000850ac2b0,0x0000000085900000)
 Metaspace       used 33575K, capacity 34260K, committed 34560K, reserved 1079296K
  class space    used 4065K, capacity 4273K, committed 4352K, reserved 1048576K
}
Event: 46.955 GC heap before
{Heap before GC invocations=14 (full 4):
 PSYoungGen      total 263680K, used 228352K [0x00000000d5e00000, 0x00000000e8380000, 0x0000000100000000)
  eden space 228352K, 100% used [0x00000000d5e00000,0x00000000e3d00000,0x00000000e3d00000)
  from space 35328K, 0% used [0x00000000e6000000,0x00000000e6000000,0x00000000e8280000)
  to   space 35840K, 0% used [0x00000000e3d00000,0x00000000e3d00000,0x00000000e6000000)
 ParOldGen       total 64512K, used 55987K [0x0000000081a00000, 0x0000000085900000, 0x00000000d5e00000)
  object space 64512K, 86% used [0x0000000081a00000,0x00000000850accb0,0x0000000085900000)
 Metaspace       used 46169K, capacity 47073K, committed 47104K, reserved 1091584K
  class space    used 5367K, capacity 5620K, committed 5632K, reserved 1048576K
Event: 47.125 GC heap after
Heap after GC invocations=14 (full 4):
 PSYoungGen      total 263680K, used 0K [0x00000000d5e00000, 0x00000000e8380000, 0x0000000100000000)
  eden space 228352K, 0% used [0x00000000d5e00000,0x00000000d5e00000,0x00000000e3d00000)
  from space 35328K, 0% used [0x00000000e6000000,0x00000000e6000000,0x00000000e8280000)
  to   space 35840K, 0% used [0x00000000e3d00000,0x00000000e3d00000,0x00000000e6000000)
 ParOldGen       total 112640K, used 34225K [0x0000000081a00000, 0x0000000088800000, 0x00000000d5e00000)
  object space 112640K, 30% used [0x0000000081a00000,0x0000000083b6c650,0x0000000088800000)
 Metaspace       used 46169K, capacity 47073K, committed 47104K, reserved 1091584K
  class space    used 5367K, capacity 5620K, committed 5632K, reserved 1048576K
}

