# JRE version: Java(TM) SE Runtime Environment (8.0_25-b18) (build 1.8.0_25-b18)
# Java VM: Java HotSpot(TM) 64-Bit Server VM (25.25-b02 mixed mode windows-amd64 compressed oops)
Heap:
 PSYoungGen      total 264192K, used 207040K [0x00000000d5e00000, 0x00000000eeb00000, 0x0000000100000000)
  eden space 228352K, 90% used [0x00000000d5e00000,0x00000000e27d0310,0x00000000e3d00000)
  from space 35840K, 1% used [0x00000000e3d00000,0x00000000e3d60000,0x00000000e6000000)
  to   space 35840K, 0% used [0x00000000ec800000,0x00000000ec800000,0x00000000eeb00000)
 ParOldGen       total 111616K, used 34291K [0x0000000081a00000, 0x0000000088700000, 0x00000000d5e00000)
  object space 111616K, 30% used [0x0000000081a00000,0x0000000083b7cc08,0x0000000088700000)
 Metaspace       used 46600K, capacity 47423K, committed 47616K, reserved 1091584K
  class space    used 5390K, capacity 5625K, committed 5632K, reserved 1048576K
GC Heap History (10 events):
Event: 10.704 GC heap before
{Heap before GC invocations=11 (full 2):
 PSYoungGen      total 250368K, used 21497K [0x00000000d5e00000, 0x00000000e8280000, 0x0000000100000000)
  eden space 228864K, 0% used [0x00000000d5e00000,0x00000000d5e00000,0x00000000e3d80000)
  from space 21504K, 99% used [0x00000000e4a00000,0x00000000e5efe548,0x00000000e5f00000)
  to   space 35328K, 0% used [0x00000000e6000000,0x00000000e6000000,0x00000000e8280000)
 ParOldGen       total 65536K, used 61198K [0x0000000081a00000, 0x0000000085a00000, 0x00000000d5e00000)
  object space 65536K, 93% used [0x0000000081a00000,0x00000000855c3b38,0x0000000085a00000)
 Metaspace       used 33654K, capacity 34326K, committed 34560K, reserved 1079296K
  class space    used 4066K, capacity 4274K, committed 4352K, reserved 1048576K
Event: 10.831 GC heap after
Heap after GC invocations=11 (full 2):
 PSYoungGen      total 250368K, used 0K [0x00000000d5e00000, 0x00000000e8280000, 0x0000000100000000)
  eden space 228864K, 0% used [0x00000000d5e00000,0x00000000d5e00000,0x00000000e3d80000)
  from space 21504K, 0% used [0x00000000e4a00000,0x00000000e4a00000,0x00000000e5f00000)
  to   space 35328K, 0% used [0x00000000e6000000,0x00000000e6000000,0x00000000e8280000)
 ParOldGen       total 65536K, used 56922K [0x0000000081a00000, 0x0000000085a00000, 0x00000000d5e00000)
  object space 65536K, 86% used [0x0000000081a00000,0x0000000085196a38,0x0000000085a00000)
 Metaspace       used 33653K, capacity 34324K, committed 34560K, reserved 1079296K
  class space    used 4065K, capacity 4273K, committed 4352K, reserved 1048576K
}
Event: 10.832 GC heap before
{Heap before GC invocations=12 (full 2):
 PSYoungGen      total 250368K, used 326K [0x00000000d5e00000, 0x00000000e8280000, 0x0000000100000000)
  eden space 228864K, 0% used [0x00000000d5e00000,0x00000000d5e51bf0,0x00000000e3d80000)
  from space 21504K, 0% used [0x00000000e4a00000,0x00000000e4a00000,0x00000000e5f00000)
  to   space 35328K, 0% used [0x00000000e6000000,0x00000000e6000000,0x00000000e8280000)
 ParOldGen       total 65536K, used 56922K [0x0000000081a00000, 0x0000000085a00000, 0x00000000d5e00000)
  object space 65536K, 86% used [0x0000000081a00000,0x0000000085196a38,0x0000000085a00000)
 Metaspace       used 33653K, capacity 34324K, committed 34560K, reserved 1079296K
  class space    used 4065K, capacity 4273K, committed 4352K, reserved 1048576K
Event: 10.833 GC heap after
Heap after GC invocations=12 (full 2):
 PSYoungGen      total 263680K, used 32K [0x00000000d5e00000, 0x00000000e8380000, 0x0000000100000000)
  eden space 228352K, 0% used [0x00000000d5e00000,0x00000000d5e00000,0x00000000e3d00000)
  from space 35328K, 0% used [0x00000000e6000000,0x00000000e6008000,0x00000000e8280000)
  to   space 35840K, 0% used [0x00000000e3d00000,0x00000000e3d00000,0x00000000e6000000)
 ParOldGen       total 65536K, used 56922K [0x0000000081a00000, 0x0000000085a00000, 0x00000000d5e00000)
  object space 65536K, 86% used [0x0000000081a00000,0x0000000085196a38,0x0000000085a00000)
 Metaspace       used 33653K, capacity 34324K, committed 34560K, reserved 1079296K
  class space    used 4065K, capacity 4273K, committed 4352K, reserved 1048576K
}
Event: 10.833 GC heap before
{Heap before GC invocations=13 (full 3):
 PSYoungGen      total 263680K, used 32K [0x00000000d5e00000, 0x00000000e8380000, 0x0000000100000000)
  eden space 228352K, 0% used [0x00000000d5e00000,0x00000000d5e00000,0x00000000e3d00000)
  from space 35328K, 0% used [0x00000000e6000000,0x00000000e6008000,0x00000000e8280000)
  to   space 35840K, 0% used [0x00000000e3d00000,0x00000000e3d00000,0x00000000e6000000)
 ParOldGen       total 65536K, used 56922K [0x0000000081a00000, 0x0000000085a00000, 0x00000000d5e00000)
  object space 65536K, 86% used [0x0000000081a00000,0x0000000085196a38,0x0000000085a00000)
 Metaspace       used 33653K, capacity 34324K, committed 34560K, reserved 1079296K
  class space    used 4065K, capacity 4273K, committed 4352K, reserved 1048576K
Event: 10.878 GC heap after
Heap after GC invocations=13 (full 3):
 PSYoungGen      total 263680K, used 0K [0x00000000d5e00000, 0x00000000e8380000, 0x0000000100000000)
  eden space 228352K, 0% used [0x00000000d5e00000,0x00000000d5e00000,0x00000000e3d00000)
  from space 35328K, 0% used [0x00000000e6000000,0x00000000e6000000,0x00000000e8280000)
  to   space 35840K, 0% used [0x00000000e3d00000,0x00000000e3d00000,0x00000000e6000000)
 ParOldGen       total 65536K, used 56922K [0x0000000081a00000, 0x0000000085a00000, 0x00000000d5e00000)
  object space 65536K, 86% used [0x0000000081a00000,0x0000000085196a50,0x0000000085a00000)
 Metaspace       used 33653K, capacity 34324K, committed 34560K, reserved 1079296K
  class space    used 4065K, capacity 4273K, committed 4352K, reserved 1048576K
}
Event: 65.008 GC heap before
{Heap before GC invocations=14 (full 4):
 PSYoungGen      total 263680K, used 228352K [0x00000000d5e00000, 0x00000000e8380000, 0x0000000100000000)
  eden space 228352K, 100% used [0x00000000d5e00000,0x00000000e3d00000,0x00000000e3d00000)
  from space 35328K, 0% used [0x00000000e6000000,0x00000000e6000000,0x00000000e8280000)
  to   space 35840K, 0% used [0x00000000e3d00000,0x00000000e3d00000,0x00000000e6000000)
 ParOldGen       total 65536K, used 56941K [0x0000000081a00000, 0x0000000085a00000, 0x00000000d5e00000)
  object space 65536K, 86% used [0x0000000081a00000,0x000000008519b510,0x0000000085a00000)
 Metaspace       used 46274K, capacity 47201K, committed 47360K, reserved 1091584K
  class space    used 5366K, capacity 5620K, committed 5632K, reserved 1048576K
Event: 65.166 GC heap after
Heap after GC invocations=14 (full 4):
 PSYoungGen      total 263680K, used 0K [0x00000000d5e00000, 0x00000000e8380000, 0x0000000100000000)
  eden space 228352K, 0% used [0x00000000d5e00000,0x00000000d5e00000,0x00000000e3d00000)
  from space 35328K, 0% used [0x00000000e6000000,0x00000000e6000000,0x00000000e8280000)
  to   space 35840K, 0% used [0x00000000e3d00000,0x00000000e3d00000,0x00000000e6000000)
 ParOldGen       total 111616K, used 34283K [0x0000000081a00000, 0x0000000088700000, 0x00000000d5e00000)
  object space 111616K, 30% used [0x0000000081a00000,0x0000000083b7ac08,0x0000000088700000)
 Metaspace       used 46274K, capacity 47201K, committed 47360K, reserved 1091584K
  class space    used 5366K, capacity 5620K, committed 5632K, reserved 1048576K
}
Event: 335.249 GC heap before
{Heap before GC invocations=15 (full 4):
 PSYoungGen      total 263680K, used 228352K [0x00000000d5e00000, 0x00000000e8380000, 0x0000000100000000)
  eden space 228352K, 100% used [0x00000000d5e00000,0x00000000e3d00000,0x00000000e3d00000)
  from space 35328K, 0% used [0x00000000e6000000,0x00000000e6000000,0x00000000e8280000)
  to   space 35840K, 0% used [0x00000000e3d00000,0x00000000e3d00000,0x00000000e6000000)
 ParOldGen       total 111616K, used 34283K [0x0000000081a00000, 0x0000000088700000, 0x00000000d5e00000)
  object space 111616K, 30% used [0x0000000081a00000,0x0000000083b7ac08,0x0000000088700000)
 Metaspace       used 46434K, capacity 47341K, committed 47360K, reserved 1091584K
  class space    used 5373K, capacity 5622K, committed 5632K, reserved 1048576K
Event: 335.255 GC heap after
Heap after GC invocations=15 (full 4):
 PSYoungGen      total 264192K, used 384K [0x00000000d5e00000, 0x00000000eeb00000, 0x0000000100000000)
  eden space 228352K, 0% used [0x00000000d5e00000,0x00000000d5e00000,0x00000000e3d00000)
  from space 35840K, 1% used [0x00000000e3d00000,0x00000000e3d60000,0x00000000e6000000)
  to   space 35840K, 0% used [0x00000000ec800000,0x00000000ec800000,0x00000000eeb00000)
 ParOldGen       total 111616K, used 34291K [0x0000000081a00000, 0x0000000088700000, 0x00000000d5e00000)
  object space 111616K, 30% used [0x0000000081a00000,0x0000000083b7cc08,0x0000000088700000)
 Metaspace       used 46434K, capacity 47341K, committed 47360K, reserved 1091584K
  class space    used 5373K, capacity 5622K, committed 5632K, reserved 1048576K
}

