# JRE version: Java(TM) SE Runtime Environment (8.0_25-b18) (build 1.8.0_25-b18)
# Java VM: Java HotSpot(TM) 64-Bit Server VM (25.25-b02 mixed mode windows-amd64 compressed oops)
Heap:
 PSYoungGen      total 254976K, used 153809K [0x00000000d5e00000, 0x00000000e7e80000, 0x0000000100000000)
  eden space 223744K, 68% used [0x00000000d5e00000,0x00000000df434468,0x00000000e3880000)
  from space 31232K, 0% used [0x00000000e5f00000,0x00000000e5f00000,0x00000000e7d80000)
  to   space 35840K, 0% used [0x00000000e3880000,0x00000000e3880000,0x00000000e5b80000)
 ParOldGen       total 65024K, used 56484K [0x0000000081a00000, 0x0000000085980000, 0x00000000d5e00000)
  object space 65024K, 86% used [0x0000000081a00000,0x00000000851292a0,0x0000000085980000)
 Metaspace       used 39590K, capacity 40333K, committed 40704K, reserved 1085440K
  class space    used 4567K, capacity 4784K, committed 4864K, reserved 1048576K
GC Heap History (10 events):
Event: 5.207 GC heap before
{Heap before GC invocations=9 (full 1):
 PSYoungGen      total 142848K, used 131584K [0x00000000d5e00000, 0x00000000e7400000, 0x0000000100000000)
  eden space 131584K, 100% used [0x00000000d5e00000,0x00000000dde80000,0x00000000dde80000)
  from space 11264K, 0% used [0x00000000dde80000,0x00000000dde80000,0x00000000de980000)
  to   space 10752K, 0% used [0x00000000e6980000,0x00000000e6980000,0x00000000e7400000)
 ParOldGen       total 65024K, used 12292K [0x0000000081a00000, 0x0000000085980000, 0x00000000d5e00000)
  object space 65024K, 18% used [0x0000000081a00000,0x00000000826013a8,0x0000000085980000)
 Metaspace       used 20934K, capacity 21592K, committed 21760K, reserved 1069056K
  class space    used 2391K, capacity 2552K, committed 2560K, reserved 1048576K
Event: 5.265 GC heap after
Heap after GC invocations=9 (full 1):
 PSYoungGen      total 234496K, used 10749K [0x00000000d5e00000, 0x00000000e7400000, 0x0000000100000000)
  eden space 223744K, 0% used [0x00000000d5e00000,0x00000000d5e00000,0x00000000e3880000)
  from space 10752K, 99% used [0x00000000e6980000,0x00000000e73ff700,0x00000000e7400000)
  to   space 21504K, 0% used [0x00000000e4a00000,0x00000000e4a00000,0x00000000e5f00000)
 ParOldGen       total 65024K, used 34671K [0x0000000081a00000, 0x0000000085980000, 0x00000000d5e00000)
  object space 65024K, 53% used [0x0000000081a00000,0x0000000083bdbc88,0x0000000085980000)
 Metaspace       used 20934K, capacity 21592K, committed 21760K, reserved 1069056K
  class space    used 2391K, capacity 2552K, committed 2560K, reserved 1048576K
}
Event: 10.960 GC heap before
{Heap before GC invocations=10 (full 1):
 PSYoungGen      total 234496K, used 190257K [0x00000000d5e00000, 0x00000000e7400000, 0x0000000100000000)
  eden space 223744K, 80% used [0x00000000d5e00000,0x00000000e0d4cd98,0x00000000e3880000)
  from space 10752K, 99% used [0x00000000e6980000,0x00000000e73ff700,0x00000000e7400000)
  to   space 21504K, 0% used [0x00000000e4a00000,0x00000000e4a00000,0x00000000e5f00000)
 ParOldGen       total 65024K, used 34671K [0x0000000081a00000, 0x0000000085980000, 0x00000000d5e00000)
  object space 65024K, 53% used [0x0000000081a00000,0x0000000083bdbc88,0x0000000085980000)
 Metaspace       used 33633K, capacity 34390K, committed 34560K, reserved 1079296K
  class space    used 4068K, capacity 4274K, committed 4352K, reserved 1048576K
Event: 11.173 GC heap after
Heap after GC invocations=10 (full 1):
 PSYoungGen      total 245248K, used 21475K [0x00000000d5e00000, 0x00000000e7d80000, 0x0000000100000000)
  eden space 223744K, 0% used [0x00000000d5e00000,0x00000000d5e00000,0x00000000e3880000)
  from space 21504K, 99% used [0x00000000e4a00000,0x00000000e5ef8fa0,0x00000000e5f00000)
  to   space 31232K, 0% used [0x00000000e5f00000,0x00000000e5f00000,0x00000000e7d80000)
 ParOldGen       total 65024K, used 60699K [0x0000000081a00000, 0x0000000085980000, 0x00000000d5e00000)
  object space 65024K, 93% used [0x0000000081a00000,0x0000000085546f30,0x0000000085980000)
 Metaspace       used 33633K, capacity 34390K, committed 34560K, reserved 1079296K
  class space    used 4068K, capacity 4274K, committed 4352K, reserved 1048576K
}
Event: 11.173 GC heap before
{Heap before GC invocations=11 (full 2):
 PSYoungGen      total 245248K, used 21475K [0x00000000d5e00000, 0x00000000e7d80000, 0x0000000100000000)
  eden space 223744K, 0% used [0x00000000d5e00000,0x00000000d5e00000,0x00000000e3880000)
  from space 21504K, 99% used [0x00000000e4a00000,0x00000000e5ef8fa0,0x00000000e5f00000)
  to   space 31232K, 0% used [0x00000000e5f00000,0x00000000e5f00000,0x00000000e7d80000)
 ParOldGen       total 65024K, used 60699K [0x0000000081a00000, 0x0000000085980000, 0x00000000d5e00000)
  object space 65024K, 93% used [0x0000000081a00000,0x0000000085546f30,0x0000000085980000)
 Metaspace       used 33633K, capacity 34390K, committed 34560K, reserved 1079296K
  class space    used 4068K, capacity 4274K, committed 4352K, reserved 1048576K
Event: 11.337 GC heap after
Heap after GC invocations=11 (full 2):
 PSYoungGen      total 245248K, used 0K [0x00000000d5e00000, 0x00000000e7d80000, 0x0000000100000000)
  eden space 223744K, 0% used [0x00000000d5e00000,0x00000000d5e00000,0x00000000e3880000)
  from space 21504K, 0% used [0x00000000e4a00000,0x00000000e4a00000,0x00000000e5f00000)
  to   space 31232K, 0% used [0x00000000e5f00000,0x00000000e5f00000,0x00000000e7d80000)
 ParOldGen       total 65024K, used 56484K [0x0000000081a00000, 0x0000000085980000, 0x00000000d5e00000)
  object space 65024K, 86% used [0x0000000081a00000,0x00000000851292c0,0x0000000085980000)
 Metaspace       used 33632K, capacity 34388K, committed 34560K, reserved 1079296K
  class space    used 4067K, capacity 4273K, committed 4352K, reserved 1048576K
}
Event: 11.337 GC heap before
{Heap before GC invocations=12 (full 2):
 PSYoungGen      total 245248K, used 2463K [0x00000000d5e00000, 0x00000000e7d80000, 0x0000000100000000)
  eden space 223744K, 1% used [0x00000000d5e00000,0x00000000d6067cb0,0x00000000e3880000)
  from space 21504K, 0% used [0x00000000e4a00000,0x00000000e4a00000,0x00000000e5f00000)
  to   space 31232K, 0% used [0x00000000e5f00000,0x00000000e5f00000,0x00000000e7d80000)
 ParOldGen       total 65024K, used 56484K [0x0000000081a00000, 0x0000000085980000, 0x00000000d5e00000)
  object space 65024K, 86% used [0x0000000081a00000,0x00000000851292c0,0x0000000085980000)
 Metaspace       used 33632K, capacity 34388K, committed 34560K, reserved 1079296K
  class space    used 4067K, capacity 4273K, committed 4352K, reserved 1048576K
Event: 11.339 GC heap after
Heap after GC invocations=12 (full 2):
 PSYoungGen      total 254976K, used 32K [0x00000000d5e00000, 0x00000000e7e80000, 0x0000000100000000)
  eden space 223744K, 0% used [0x00000000d5e00000,0x00000000d5e00000,0x00000000e3880000)
  from space 31232K, 0% used [0x00000000e5f00000,0x00000000e5f08000,0x00000000e7d80000)
  to   space 35840K, 0% used [0x00000000e3880000,0x00000000e3880000,0x00000000e5b80000)
 ParOldGen       total 65024K, used 56484K [0x0000000081a00000, 0x0000000085980000, 0x00000000d5e00000)
  object space 65024K, 86% used [0x0000000081a00000,0x00000000851292c0,0x0000000085980000)
 Metaspace       used 33632K, capacity 34388K, committed 34560K, reserved 1079296K
  class space    used 4067K, capacity 4273K, committed 4352K, reserved 1048576K
}
Event: 11.339 GC heap before
{Heap before GC invocations=13 (full 3):
 PSYoungGen      total 254976K, used 32K [0x00000000d5e00000, 0x00000000e7e80000, 0x0000000100000000)
  eden space 223744K, 0% used [0x00000000d5e00000,0x00000000d5e00000,0x00000000e3880000)
  from space 31232K, 0% used [0x00000000e5f00000,0x00000000e5f08000,0x00000000e7d80000)
  to   space 35840K, 0% used [0x00000000e3880000,0x00000000e3880000,0x00000000e5b80000)
 ParOldGen       total 65024K, used 56484K [0x0000000081a00000, 0x0000000085980000, 0x00000000d5e00000)
  object space 65024K, 86% used [0x0000000081a00000,0x00000000851292c0,0x0000000085980000)
 Metaspace       used 33632K, capacity 34388K, committed 34560K, reserved 1079296K
  class space    used 4067K, capacity 4273K, committed 4352K, reserved 1048576K
Event: 11.408 GC heap after
Heap after GC invocations=13 (full 3):
 PSYoungGen      total 254976K, used 0K [0x00000000d5e00000, 0x00000000e7e80000, 0x0000000100000000)
  eden space 223744K, 0% used [0x00000000d5e00000,0x00000000d5e00000,0x00000000e3880000)
  from space 31232K, 0% used [0x00000000e5f00000,0x00000000e5f00000,0x00000000e7d80000)
  to   space 35840K, 0% used [0x00000000e3880000,0x00000000e3880000,0x00000000e5b80000)
 ParOldGen       total 65024K, used 56484K [0x0000000081a00000, 0x0000000085980000, 0x00000000d5e00000)
  object space 65024K, 86% used [0x0000000081a00000,0x00000000851292a0,0x0000000085980000)
 Metaspace       used 33632K, capacity 34388K, committed 34560K, reserved 1079296K
  class space    used 4067K, capacity 4273K, committed 4352K, reserved 1048576K
}

