# JRE version: Java(TM) SE Runtime Environment (8.0_25-b18) (build 1.8.0_25-b18)
# Java VM: Java HotSpot(TM) 64-Bit Server VM (25.25-b02 mixed mode windows-amd64 compressed oops)
Heap:
 PSYoungGen      total 275968K, used 215356K [0x00000000d5e00000, 0x00000000f0580000, 0x0000000100000000)
  eden space 240128K, 89% used [0x00000000d5e00000,0x00000000e2fe71b8,0x00000000e4880000)
  from space 35840K, 1% used [0x00000000e4880000,0x00000000e48e8000,0x00000000e6b80000)
  to   space 35840K, 0% used [0x00000000ee280000,0x00000000ee280000,0x00000000f0580000)
 ParOldGen       total 103424K, used 34204K [0x0000000081a00000, 0x0000000087f00000, 0x00000000d5e00000)
  object space 103424K, 33% used [0x0000000081a00000,0x0000000083b671b8,0x0000000087f00000)
 Metaspace       used 46962K, capacity 47839K, committed 48000K, reserved 1091584K
  class space    used 5411K, capacity 5657K, committed 5760K, reserved 1048576K
GC Heap History (10 events):
Event: 15.675 GC heap before
{Heap before GC invocations=11 (full 2):
 PSYoungGen      total 262144K, used 21493K [0x00000000d5e00000, 0x00000000e8e00000, 0x0000000100000000)
  eden space 240640K, 0% used [0x00000000d5e00000,0x00000000d5e00000,0x00000000e4900000)
  from space 21504K, 99% used [0x00000000e4b00000,0x00000000e5ffd6f8,0x00000000e6000000)
  to   space 35328K, 0% used [0x00000000e6b80000,0x00000000e6b80000,0x00000000e8e00000)
 ParOldGen       total 60928K, used 60676K [0x0000000081a00000, 0x0000000085580000, 0x00000000d5e00000)
  object space 60928K, 99% used [0x0000000081a00000,0x00000000855411e0,0x0000000085580000)
 Metaspace       used 33821K, capacity 34518K, committed 34816K, reserved 1079296K
  class space    used 4068K, capacity 4274K, committed 4352K, reserved 1048576K
Event: 15.858 GC heap after
Heap after GC invocations=11 (full 2):
 PSYoungGen      total 262144K, used 0K [0x00000000d5e00000, 0x00000000e8e00000, 0x0000000100000000)
  eden space 240640K, 0% used [0x00000000d5e00000,0x00000000d5e00000,0x00000000e4900000)
  from space 21504K, 0% used [0x00000000e4b00000,0x00000000e4b00000,0x00000000e6000000)
  to   space 35328K, 0% used [0x00000000e6b80000,0x00000000e6b80000,0x00000000e8e00000)
 ParOldGen       total 60928K, used 57130K [0x0000000081a00000, 0x0000000085580000, 0x00000000d5e00000)
  object space 60928K, 93% used [0x0000000081a00000,0x00000000851ca850,0x0000000085580000)
 Metaspace       used 33820K, capacity 34516K, committed 34816K, reserved 1079296K
  class space    used 4067K, capacity 4273K, committed 4352K, reserved 1048576K
}
Event: 15.858 GC heap before
{Heap before GC invocations=12 (full 2):
 PSYoungGen      total 262144K, used 687K [0x00000000d5e00000, 0x00000000e8e00000, 0x0000000100000000)
  eden space 240640K, 0% used [0x00000000d5e00000,0x00000000d5eabea8,0x00000000e4900000)
  from space 21504K, 0% used [0x00000000e4b00000,0x00000000e4b00000,0x00000000e6000000)
  to   space 35328K, 0% used [0x00000000e6b80000,0x00000000e6b80000,0x00000000e8e00000)
 ParOldGen       total 60928K, used 57130K [0x0000000081a00000, 0x0000000085580000, 0x00000000d5e00000)
  object space 60928K, 93% used [0x0000000081a00000,0x00000000851ca850,0x0000000085580000)
 Metaspace       used 33820K, capacity 34516K, committed 34816K, reserved 1079296K
  class space    used 4067K, capacity 4273K, committed 4352K, reserved 1048576K
Event: 15.860 GC heap after
Heap after GC invocations=12 (full 2):
 PSYoungGen      total 275456K, used 64K [0x00000000d5e00000, 0x00000000e8f00000, 0x0000000100000000)
  eden space 240128K, 0% used [0x00000000d5e00000,0x00000000d5e00000,0x00000000e4880000)
  from space 35328K, 0% used [0x00000000e6b80000,0x00000000e6b90000,0x00000000e8e00000)
  to   space 35840K, 0% used [0x00000000e4880000,0x00000000e4880000,0x00000000e6b80000)
 ParOldGen       total 60928K, used 57130K [0x0000000081a00000, 0x0000000085580000, 0x00000000d5e00000)
  object space 60928K, 93% used [0x0000000081a00000,0x00000000851ca850,0x0000000085580000)
 Metaspace       used 33820K, capacity 34516K, committed 34816K, reserved 1079296K
  class space    used 4067K, capacity 4273K, committed 4352K, reserved 1048576K
}
Event: 15.860 GC heap before
{Heap before GC invocations=13 (full 3):
 PSYoungGen      total 275456K, used 64K [0x00000000d5e00000, 0x00000000e8f00000, 0x0000000100000000)
  eden space 240128K, 0% used [0x00000000d5e00000,0x00000000d5e00000,0x00000000e4880000)
  from space 35328K, 0% used [0x00000000e6b80000,0x00000000e6b90000,0x00000000e8e00000)
  to   space 35840K, 0% used [0x00000000e4880000,0x00000000e4880000,0x00000000e6b80000)
 ParOldGen       total 60928K, used 57130K [0x0000000081a00000, 0x0000000085580000, 0x00000000d5e00000)
  object space 60928K, 93% used [0x0000000081a00000,0x00000000851ca850,0x0000000085580000)
 Metaspace       used 33820K, capacity 34516K, committed 34816K, reserved 1079296K
  class space    used 4067K, capacity 4273K, committed 4352K, reserved 1048576K
Event: 15.967 GC heap after
Heap after GC invocations=13 (full 3):
 PSYoungGen      total 275456K, used 0K [0x00000000d5e00000, 0x00000000e8f00000, 0x0000000100000000)
  eden space 240128K, 0% used [0x00000000d5e00000,0x00000000d5e00000,0x00000000e4880000)
  from space 35328K, 0% used [0x00000000e6b80000,0x00000000e6b80000,0x00000000e8e00000)
  to   space 35840K, 0% used [0x00000000e4880000,0x00000000e4880000,0x00000000e6b80000)
 ParOldGen       total 60928K, used 56990K [0x0000000081a00000, 0x0000000085580000, 0x00000000d5e00000)
  object space 60928K, 93% used [0x0000000081a00000,0x00000000851a7960,0x0000000085580000)
 Metaspace       used 33820K, capacity 34516K, committed 34816K, reserved 1079296K
  class space    used 4067K, capacity 4273K, committed 4352K, reserved 1048576K
}
Event: 85.164 GC heap before
{Heap before GC invocations=14 (full 4):
 PSYoungGen      total 275456K, used 240128K [0x00000000d5e00000, 0x00000000e8f00000, 0x0000000100000000)
  eden space 240128K, 100% used [0x00000000d5e00000,0x00000000e4880000,0x00000000e4880000)
  from space 35328K, 0% used [0x00000000e6b80000,0x00000000e6b80000,0x00000000e8e00000)
  to   space 35840K, 0% used [0x00000000e4880000,0x00000000e4880000,0x00000000e6b80000)
 ParOldGen       total 60928K, used 56992K [0x0000000081a00000, 0x0000000085580000, 0x00000000d5e00000)
  object space 60928K, 93% used [0x0000000081a00000,0x00000000851a8088,0x0000000085580000)
 Metaspace       used 46416K, capacity 47329K, committed 47616K, reserved 1091584K
  class space    used 5368K, capacity 5620K, committed 5632K, reserved 1048576K
Event: 85.315 GC heap after
Heap after GC invocations=14 (full 4):
 PSYoungGen      total 275456K, used 0K [0x00000000d5e00000, 0x00000000e8f00000, 0x0000000100000000)
  eden space 240128K, 0% used [0x00000000d5e00000,0x00000000d5e00000,0x00000000e4880000)
  from space 35328K, 0% used [0x00000000e6b80000,0x00000000e6b80000,0x00000000e8e00000)
  to   space 35840K, 0% used [0x00000000e4880000,0x00000000e4880000,0x00000000e6b80000)
 ParOldGen       total 103424K, used 34196K [0x0000000081a00000, 0x0000000087f00000, 0x00000000d5e00000)
  object space 103424K, 33% used [0x0000000081a00000,0x0000000083b651b8,0x0000000087f00000)
 Metaspace       used 46416K, capacity 47329K, committed 47616K, reserved 1091584K
  class space    used 5368K, capacity 5620K, committed 5632K, reserved 1048576K
}
Event: 851.919 GC heap before
{Heap before GC invocations=15 (full 4):
 PSYoungGen      total 275456K, used 240128K [0x00000000d5e00000, 0x00000000e8f00000, 0x0000000100000000)
  eden space 240128K, 100% used [0x00000000d5e00000,0x00000000e4880000,0x00000000e4880000)
  from space 35328K, 0% used [0x00000000e6b80000,0x00000000e6b80000,0x00000000e8e00000)
  to   space 35840K, 0% used [0x00000000e4880000,0x00000000e4880000,0x00000000e6b80000)
 ParOldGen       total 103424K, used 34196K [0x0000000081a00000, 0x0000000087f00000, 0x00000000d5e00000)
  object space 103424K, 33% used [0x0000000081a00000,0x0000000083b651b8,0x0000000087f00000)
 Metaspace       used 46729K, capacity 47615K, committed 47872K, reserved 1091584K
  class space    used 5388K, capacity 5625K, committed 5632K, reserved 1048576K
Event: 851.926 GC heap after
Heap after GC invocations=15 (full 4):
 PSYoungGen      total 275968K, used 416K [0x00000000d5e00000, 0x00000000f0580000, 0x0000000100000000)
  eden space 240128K, 0% used [0x00000000d5e00000,0x00000000d5e00000,0x00000000e4880000)
  from space 35840K, 1% used [0x00000000e4880000,0x00000000e48e8000,0x00000000e6b80000)
  to   space 35840K, 0% used [0x00000000ee280000,0x00000000ee280000,0x00000000f0580000)
 ParOldGen       total 103424K, used 34204K [0x0000000081a00000, 0x0000000087f00000, 0x00000000d5e00000)
  object space 103424K, 33% used [0x0000000081a00000,0x0000000083b671b8,0x0000000087f00000)
 Metaspace       used 46729K, capacity 47615K, committed 47872K, reserved 1091584K
  class space    used 5388K, capacity 5625K, committed 5632K, reserved 1048576K
}

