# JRE version: Java(TM) SE Runtime Environment (8.0_25-b18) (build 1.8.0_25-b18)
# Java VM: Java HotSpot(TM) 64-Bit Server VM (25.25-b02 mixed mode windows-amd64 compressed oops)
Heap:
 PSYoungGen      total 262144K, used 44587K [0x00000000d5e00000, 0x00000000ee980000, 0x0000000100000000)
  eden space 226304K, 19% used [0x00000000d5e00000,0x00000000d8932fb8,0x00000000e3b00000)
  from space 35840K, 0% used [0x00000000e3b00000,0x00000000e3b58000,0x00000000e5e00000)
  to   space 35840K, 0% used [0x00000000ec680000,0x00000000ec680000,0x00000000ee980000)
 ParOldGen       total 110080K, used 34227K [0x0000000081a00000, 0x0000000088580000, 0x00000000d5e00000)
  object space 110080K, 31% used [0x0000000081a00000,0x0000000083b6cfd0,0x0000000088580000)
 Metaspace       used 46925K, capacity 47821K, committed 47872K, reserved 1091584K
  class space    used 5400K, capacity 5626K, committed 5632K, reserved 1048576K
GC Heap History (10 events):
Event: 32.968 GC heap before
{Heap before GC invocations=11 (full 2):
 PSYoungGen      total 247808K, used 21472K [0x00000000d5e00000, 0x00000000e8000000, 0x0000000100000000)
  eden space 226304K, 0% used [0x00000000d5e00000,0x00000000d5e00000,0x00000000e3b00000)
  from space 21504K, 99% used [0x00000000e4b00000,0x00000000e5ff8028,0x00000000e6000000)
  to   space 32768K, 0% used [0x00000000e6000000,0x00000000e6000000,0x00000000e8000000)
 ParOldGen       total 64000K, used 60382K [0x0000000081a00000, 0x0000000085880000, 0x00000000d5e00000)
  object space 64000K, 94% used [0x0000000081a00000,0x00000000854f7ba0,0x0000000085880000)
 Metaspace       used 33927K, capacity 34660K, committed 35072K, reserved 1079296K
  class space    used 4067K, capacity 4275K, committed 4352K, reserved 1048576K
Event: 33.142 GC heap after
Heap after GC invocations=11 (full 2):
 PSYoungGen      total 247808K, used 0K [0x00000000d5e00000, 0x00000000e8000000, 0x0000000100000000)
  eden space 226304K, 0% used [0x00000000d5e00000,0x00000000d5e00000,0x00000000e3b00000)
  from space 21504K, 0% used [0x00000000e4b00000,0x00000000e4b00000,0x00000000e6000000)
  to   space 32768K, 0% used [0x00000000e6000000,0x00000000e6000000,0x00000000e8000000)
 ParOldGen       total 64000K, used 56254K [0x0000000081a00000, 0x0000000085880000, 0x00000000d5e00000)
  object space 64000K, 87% used [0x0000000081a00000,0x00000000850ef9b8,0x0000000085880000)
 Metaspace       used 33925K, capacity 34658K, committed 35072K, reserved 1079296K
  class space    used 4067K, capacity 4274K, committed 4352K, reserved 1048576K
}
Event: 33.143 GC heap before
{Heap before GC invocations=12 (full 2):
 PSYoungGen      total 247808K, used 646K [0x00000000d5e00000, 0x00000000e8000000, 0x0000000100000000)
  eden space 226304K, 0% used [0x00000000d5e00000,0x00000000d5ea1a58,0x00000000e3b00000)
  from space 21504K, 0% used [0x00000000e4b00000,0x00000000e4b00000,0x00000000e6000000)
  to   space 32768K, 0% used [0x00000000e6000000,0x00000000e6000000,0x00000000e8000000)
 ParOldGen       total 64000K, used 56254K [0x0000000081a00000, 0x0000000085880000, 0x00000000d5e00000)
  object space 64000K, 87% used [0x0000000081a00000,0x00000000850ef9b8,0x0000000085880000)
 Metaspace       used 33925K, capacity 34658K, committed 35072K, reserved 1079296K
  class space    used 4067K, capacity 4274K, committed 4352K, reserved 1048576K
Event: 33.144 GC heap after
Heap after GC invocations=12 (full 2):
 PSYoungGen      total 259072K, used 32K [0x00000000d5e00000, 0x00000000e8100000, 0x0000000100000000)
  eden space 226304K, 0% used [0x00000000d5e00000,0x00000000d5e00000,0x00000000e3b00000)
  from space 32768K, 0% used [0x00000000e6000000,0x00000000e6008000,0x00000000e8000000)
  to   space 35840K, 0% used [0x00000000e3b00000,0x00000000e3b00000,0x00000000e5e00000)
 ParOldGen       total 64000K, used 56254K [0x0000000081a00000, 0x0000000085880000, 0x00000000d5e00000)
  object space 64000K, 87% used [0x0000000081a00000,0x00000000850ef9b8,0x0000000085880000)
 Metaspace       used 33925K, capacity 34658K, committed 35072K, reserved 1079296K
  class space    used 4067K, capacity 4274K, committed 4352K, reserved 1048576K
}
Event: 33.144 GC heap before
{Heap before GC invocations=13 (full 3):
 PSYoungGen      total 259072K, used 32K [0x00000000d5e00000, 0x00000000e8100000, 0x0000000100000000)
  eden space 226304K, 0% used [0x00000000d5e00000,0x00000000d5e00000,0x00000000e3b00000)
  from space 32768K, 0% used [0x00000000e6000000,0x00000000e6008000,0x00000000e8000000)
  to   space 35840K, 0% used [0x00000000e3b00000,0x00000000e3b00000,0x00000000e5e00000)
 ParOldGen       total 64000K, used 56254K [0x0000000081a00000, 0x0000000085880000, 0x00000000d5e00000)
  object space 64000K, 87% used [0x0000000081a00000,0x00000000850ef9b8,0x0000000085880000)
 Metaspace       used 33925K, capacity 34658K, committed 35072K, reserved 1079296K
  class space    used 4067K, capacity 4274K, committed 4352K, reserved 1048576K
Event: 33.201 GC heap after
Heap after GC invocations=13 (full 3):
 PSYoungGen      total 259072K, used 0K [0x00000000d5e00000, 0x00000000e8100000, 0x0000000100000000)
  eden space 226304K, 0% used [0x00000000d5e00000,0x00000000d5e00000,0x00000000e3b00000)
  from space 32768K, 0% used [0x00000000e6000000,0x00000000e6000000,0x00000000e8000000)
  to   space 35840K, 0% used [0x00000000e3b00000,0x00000000e3b00000,0x00000000e5e00000)
 ParOldGen       total 64000K, used 56254K [0x0000000081a00000, 0x0000000085880000, 0x00000000d5e00000)
  object space 64000K, 87% used [0x0000000081a00000,0x00000000850ef9b0,0x0000000085880000)
 Metaspace       used 33925K, capacity 34658K, committed 35072K, reserved 1079296K
  class space    used 4067K, capacity 4274K, committed 4352K, reserved 1048576K
}
Event: 1716.981 GC heap before
{Heap before GC invocations=14 (full 4):
 PSYoungGen      total 259072K, used 226304K [0x00000000d5e00000, 0x00000000e8100000, 0x0000000100000000)
  eden space 226304K, 100% used [0x00000000d5e00000,0x00000000e3b00000,0x00000000e3b00000)
  from space 32768K, 0% used [0x00000000e6000000,0x00000000e6000000,0x00000000e8000000)
  to   space 35840K, 0% used [0x00000000e3b00000,0x00000000e3b00000,0x00000000e5e00000)
 ParOldGen       total 64000K, used 56254K [0x0000000081a00000, 0x0000000085880000, 0x00000000d5e00000)
  object space 64000K, 87% used [0x0000000081a00000,0x00000000850ef9b0,0x0000000085880000)
 Metaspace       used 46311K, capacity 47215K, committed 47360K, reserved 1091584K
  class space    used 5375K, capacity 5621K, committed 5632K, reserved 1048576K
Event: 1717.413 GC heap after
Heap after GC invocations=14 (full 4):
 PSYoungGen      total 259072K, used 0K [0x00000000d5e00000, 0x00000000e8100000, 0x0000000100000000)
  eden space 226304K, 0% used [0x00000000d5e00000,0x00000000d5e00000,0x00000000e3b00000)
  from space 32768K, 0% used [0x00000000e6000000,0x00000000e6000000,0x00000000e8000000)
  to   space 35840K, 0% used [0x00000000e3b00000,0x00000000e3b00000,0x00000000e5e00000)
 ParOldGen       total 110080K, used 34219K [0x0000000081a00000, 0x0000000088580000, 0x00000000d5e00000)
  object space 110080K, 31% used [0x0000000081a00000,0x0000000083b6afd0,0x0000000088580000)
 Metaspace       used 46311K, capacity 47215K, committed 47360K, reserved 1091584K
  class space    used 5375K, capacity 5621K, committed 5632K, reserved 1048576K
}
Event: 2217.869 GC heap before
{Heap before GC invocations=15 (full 4):
 PSYoungGen      total 259072K, used 226304K [0x00000000d5e00000, 0x00000000e8100000, 0x0000000100000000)
  eden space 226304K, 100% used [0x00000000d5e00000,0x00000000e3b00000,0x00000000e3b00000)
  from space 32768K, 0% used [0x00000000e6000000,0x00000000e6000000,0x00000000e8000000)
  to   space 35840K, 0% used [0x00000000e3b00000,0x00000000e3b00000,0x00000000e5e00000)
 ParOldGen       total 110080K, used 34219K [0x0000000081a00000, 0x0000000088580000, 0x00000000d5e00000)
  object space 110080K, 31% used [0x0000000081a00000,0x0000000083b6afd0,0x0000000088580000)
 Metaspace       used 46794K, capacity 47757K, committed 47872K, reserved 1091584K
  class space    used 5384K, capacity 5626K, committed 5632K, reserved 1048576K
Event: 2217.874 GC heap after
Heap after GC invocations=15 (full 4):
 PSYoungGen      total 262144K, used 352K [0x00000000d5e00000, 0x00000000ee980000, 0x0000000100000000)
  eden space 226304K, 0% used [0x00000000d5e00000,0x00000000d5e00000,0x00000000e3b00000)
  from space 35840K, 0% used [0x00000000e3b00000,0x00000000e3b58000,0x00000000e5e00000)
  to   space 35840K, 0% used [0x00000000ec680000,0x00000000ec680000,0x00000000ee980000)
 ParOldGen       total 110080K, used 34227K [0x0000000081a00000, 0x0000000088580000, 0x00000000d5e00000)
  object space 110080K, 31% used [0x0000000081a00000,0x0000000083b6cfd0,0x0000000088580000)
 Metaspace       used 46794K, capacity 47757K, committed 47872K, reserved 1091584K
  class space    used 5384K, capacity 5626K, committed 5632K, reserved 1048576K
}

