# JRE version: Java(TM) SE Runtime Environment (8.0_25-b18) (build 1.8.0_25-b18)
# Java VM: Java HotSpot(TM) 64-Bit Server VM (25.25-b02 mixed mode windows-amd64 compressed oops)
Heap:
 PSYoungGen      total 264192K, used 200697K [0x00000000d5e00000, 0x00000000ee900000, 0x0000000100000000)
  eden space 228352K, 87% used [0x00000000d5e00000,0x00000000e21a64b8,0x00000000e3d00000)
  from space 35840K, 0% used [0x00000000e3d00000,0x00000000e3d58000,0x00000000e6000000)
  to   space 35840K, 0% used [0x00000000ec600000,0x00000000ec600000,0x00000000ee900000)
 ParOldGen       total 110080K, used 34269K [0x0000000081a00000, 0x0000000088580000, 0x00000000d5e00000)
  object space 110080K, 31% used [0x0000000081a00000,0x0000000083b77578,0x0000000088580000)
 Metaspace       used 46748K, capacity 47629K, committed 47872K, reserved 1091584K
  class space    used 5393K, capacity 5626K, committed 5632K, reserved 1048576K
GC Heap History (10 events):
Event: 15.629 GC heap before
{Heap before GC invocations=11 (full 2):
 PSYoungGen      total 250880K, used 21994K [0x00000000d5e00000, 0x00000000e8280000, 0x0000000100000000)
  eden space 228864K, 0% used [0x00000000d5e00000,0x00000000d5e00000,0x00000000e3d80000)
  from space 22016K, 99% used [0x00000000e4900000,0x00000000e5e7a858,0x00000000e5e80000)
  to   space 35328K, 0% used [0x00000000e6000000,0x00000000e6000000,0x00000000e8280000)
 ParOldGen       total 62976K, used 59982K [0x0000000081a00000, 0x0000000085780000, 0x00000000d5e00000)
  object space 62976K, 95% used [0x0000000081a00000,0x0000000085493a90,0x0000000085780000)
 Metaspace       used 33801K, capacity 34462K, committed 34816K, reserved 1079296K
  class space    used 4068K, capacity 4274K, committed 4352K, reserved 1048576K
Event: 15.794 GC heap after
Heap after GC invocations=11 (full 2):
 PSYoungGen      total 250880K, used 0K [0x00000000d5e00000, 0x00000000e8280000, 0x0000000100000000)
  eden space 228864K, 0% used [0x00000000d5e00000,0x00000000d5e00000,0x00000000e3d80000)
  from space 22016K, 0% used [0x00000000e4900000,0x00000000e4900000,0x00000000e5e80000)
  to   space 35328K, 0% used [0x00000000e6000000,0x00000000e6000000,0x00000000e8280000)
 ParOldGen       total 62976K, used 56449K [0x0000000081a00000, 0x0000000085780000, 0x00000000d5e00000)
  object space 62976K, 89% used [0x0000000081a00000,0x00000000851206f8,0x0000000085780000)
 Metaspace       used 33800K, capacity 34460K, committed 34816K, reserved 1079296K
  class space    used 4067K, capacity 4273K, committed 4352K, reserved 1048576K
}
Event: 15.794 GC heap before
{Heap before GC invocations=12 (full 2):
 PSYoungGen      total 250880K, used 762K [0x00000000d5e00000, 0x00000000e8280000, 0x0000000100000000)
  eden space 228864K, 0% used [0x00000000d5e00000,0x00000000d5ebeba8,0x00000000e3d80000)
  from space 22016K, 0% used [0x00000000e4900000,0x00000000e4900000,0x00000000e5e80000)
  to   space 35328K, 0% used [0x00000000e6000000,0x00000000e6000000,0x00000000e8280000)
 ParOldGen       total 62976K, used 56449K [0x0000000081a00000, 0x0000000085780000, 0x00000000d5e00000)
  object space 62976K, 89% used [0x0000000081a00000,0x00000000851206f8,0x0000000085780000)
 Metaspace       used 33800K, capacity 34460K, committed 34816K, reserved 1079296K
  class space    used 4067K, capacity 4273K, committed 4352K, reserved 1048576K
Event: 15.795 GC heap after
Heap after GC invocations=12 (full 2):
 PSYoungGen      total 263680K, used 64K [0x00000000d5e00000, 0x00000000e8380000, 0x0000000100000000)
  eden space 228352K, 0% used [0x00000000d5e00000,0x00000000d5e00000,0x00000000e3d00000)
  from space 35328K, 0% used [0x00000000e6000000,0x00000000e6010000,0x00000000e8280000)
  to   space 35840K, 0% used [0x00000000e3d00000,0x00000000e3d00000,0x00000000e6000000)
 ParOldGen       total 62976K, used 56449K [0x0000000081a00000, 0x0000000085780000, 0x00000000d5e00000)
  object space 62976K, 89% used [0x0000000081a00000,0x00000000851206f8,0x0000000085780000)
 Metaspace       used 33800K, capacity 34460K, committed 34816K, reserved 1079296K
  class space    used 4067K, capacity 4273K, committed 4352K, reserved 1048576K
}
Event: 15.795 GC heap before
{Heap before GC invocations=13 (full 3):
 PSYoungGen      total 263680K, used 64K [0x00000000d5e00000, 0x00000000e8380000, 0x0000000100000000)
  eden space 228352K, 0% used [0x00000000d5e00000,0x00000000d5e00000,0x00000000e3d00000)
  from space 35328K, 0% used [0x00000000e6000000,0x00000000e6010000,0x00000000e8280000)
  to   space 35840K, 0% used [0x00000000e3d00000,0x00000000e3d00000,0x00000000e6000000)
 ParOldGen       total 62976K, used 56449K [0x0000000081a00000, 0x0000000085780000, 0x00000000d5e00000)
  object space 62976K, 89% used [0x0000000081a00000,0x00000000851206f8,0x0000000085780000)
 Metaspace       used 33800K, capacity 34460K, committed 34816K, reserved 1079296K
  class space    used 4067K, capacity 4273K, committed 4352K, reserved 1048576K
Event: 15.858 GC heap after
Heap after GC invocations=13 (full 3):
 PSYoungGen      total 263680K, used 0K [0x00000000d5e00000, 0x00000000e8380000, 0x0000000100000000)
  eden space 228352K, 0% used [0x00000000d5e00000,0x00000000d5e00000,0x00000000e3d00000)
  from space 35328K, 0% used [0x00000000e6000000,0x00000000e6000000,0x00000000e8280000)
  to   space 35840K, 0% used [0x00000000e3d00000,0x00000000e3d00000,0x00000000e6000000)
 ParOldGen       total 62976K, used 56449K [0x0000000081a00000, 0x0000000085780000, 0x00000000d5e00000)
  object space 62976K, 89% used [0x0000000081a00000,0x00000000851206d8,0x0000000085780000)
 Metaspace       used 33800K, capacity 34460K, committed 34816K, reserved 1079296K
  class space    used 4067K, capacity 4273K, committed 4352K, reserved 1048576K
}
Event: 66.688 GC heap before
{Heap before GC invocations=14 (full 4):
 PSYoungGen      total 263680K, used 228352K [0x00000000d5e00000, 0x00000000e8380000, 0x0000000100000000)
  eden space 228352K, 100% used [0x00000000d5e00000,0x00000000e3d00000,0x00000000e3d00000)
  from space 35328K, 0% used [0x00000000e6000000,0x00000000e6000000,0x00000000e8280000)
  to   space 35840K, 0% used [0x00000000e3d00000,0x00000000e3d00000,0x00000000e6000000)
 ParOldGen       total 62976K, used 56449K [0x0000000081a00000, 0x0000000085780000, 0x00000000d5e00000)
  object space 62976K, 89% used [0x0000000081a00000,0x00000000851206d8,0x0000000085780000)
 Metaspace       used 46407K, capacity 47337K, committed 47616K, reserved 1091584K
  class space    used 5369K, capacity 5620K, committed 5632K, reserved 1048576K
Event: 66.906 GC heap after
Heap after GC invocations=14 (full 4):
 PSYoungGen      total 263680K, used 0K [0x00000000d5e00000, 0x00000000e8380000, 0x0000000100000000)
  eden space 228352K, 0% used [0x00000000d5e00000,0x00000000d5e00000,0x00000000e3d00000)
  from space 35328K, 0% used [0x00000000e6000000,0x00000000e6000000,0x00000000e8280000)
  to   space 35840K, 0% used [0x00000000e3d00000,0x00000000e3d00000,0x00000000e6000000)
 ParOldGen       total 110080K, used 34261K [0x0000000081a00000, 0x0000000088580000, 0x00000000d5e00000)
  object space 110080K, 31% used [0x0000000081a00000,0x0000000083b75578,0x0000000088580000)
 Metaspace       used 46407K, capacity 47337K, committed 47616K, reserved 1091584K
  class space    used 5369K, capacity 5620K, committed 5632K, reserved 1048576K
}
Event: 284.679 GC heap before
{Heap before GC invocations=15 (full 4):
 PSYoungGen      total 263680K, used 228352K [0x00000000d5e00000, 0x00000000e8380000, 0x0000000100000000)
  eden space 228352K, 100% used [0x00000000d5e00000,0x00000000e3d00000,0x00000000e3d00000)
  from space 35328K, 0% used [0x00000000e6000000,0x00000000e6000000,0x00000000e8280000)
  to   space 35840K, 0% used [0x00000000e3d00000,0x00000000e3d00000,0x00000000e6000000)
 ParOldGen       total 110080K, used 34261K [0x0000000081a00000, 0x0000000088580000, 0x00000000d5e00000)
  object space 110080K, 31% used [0x0000000081a00000,0x0000000083b75578,0x0000000088580000)
 Metaspace       used 46605K, capacity 47495K, committed 47616K, reserved 1091584K
  class space    used 5378K, capacity 5625K, committed 5632K, reserved 1048576K
Event: 284.691 GC heap after
Heap after GC invocations=15 (full 4):
 PSYoungGen      total 264192K, used 352K [0x00000000d5e00000, 0x00000000ee900000, 0x0000000100000000)
  eden space 228352K, 0% used [0x00000000d5e00000,0x00000000d5e00000,0x00000000e3d00000)
  from space 35840K, 0% used [0x00000000e3d00000,0x00000000e3d58000,0x00000000e6000000)
  to   space 35840K, 0% used [0x00000000ec600000,0x00000000ec600000,0x00000000ee900000)
 ParOldGen       total 110080K, used 34269K [0x0000000081a00000, 0x0000000088580000, 0x00000000d5e00000)
  object space 110080K, 31% used [0x0000000081a00000,0x0000000083b77578,0x0000000088580000)
 Metaspace       used 46605K, capacity 47495K, committed 47616K, reserved 1091584K
  class space    used 5378K, capacity 5625K, committed 5632K, reserved 1048576K
}

