# JRE version: Java(TM) SE Runtime Environment (8.0_25-b18) (build 1.8.0_25-b18)
# Java VM: Java HotSpot(TM) 64-Bit Server VM (25.25-b02 mixed mode windows-amd64 compressed oops)
Heap:
 PSYoungGen      total 488448K, used 131369K [0x00000000d5e00000, 0x00000000feb80000, 0x0000000100000000)
  eden space 454656K, 28% used [0x00000000d5e00000,0x00000000dde1a588,0x00000000f1a00000)
  from space 33792K, 0% used [0x00000000f1a00000,0x00000000f1a30000,0x00000000f3b00000)
  to   space 32768K, 0% used [0x00000000fcb80000,0x00000000fcb80000,0x00000000feb80000)
 ParOldGen       total 110080K, used 34699K [0x0000000081a00000, 0x0000000088580000, 0x00000000d5e00000)
  object space 110080K, 31% used [0x0000000081a00000,0x0000000083be2fa8,0x0000000088580000)
 Metaspace       used 46864K, capacity 47755K, committed 47872K, reserved 1091584K
  class space    used 5406K, capacity 5627K, committed 5632K, reserved 1048576K
GC Heap History (10 events):
Event: 258.222 GC heap before
{Heap before GC invocations=15 (full 4):
 PSYoungGen      total 264704K, used 229376K [0x00000000d5e00000, 0x00000000e8480000, 0x0000000100000000)
  eden space 229376K, 100% used [0x00000000d5e00000,0x00000000e3e00000,0x00000000e3e00000)
  from space 35328K, 0% used [0x00000000e6100000,0x00000000e6100000,0x00000000e8380000)
  to   space 35840K, 0% used [0x00000000e3e00000,0x00000000e3e00000,0x00000000e6100000)
 ParOldGen       total 110080K, used 34271K [0x0000000081a00000, 0x0000000088580000, 0x00000000d5e00000)
  object space 110080K, 31% used [0x0000000081a00000,0x0000000083b77f48,0x0000000088580000)
 Metaspace       used 46557K, capacity 47487K, committed 47616K, reserved 1091584K
  class space    used 5388K, capacity 5625K, committed 5632K, reserved 1048576K
Event: 258.230 GC heap after
Heap after GC invocations=15 (full 4):
 PSYoungGen      total 265216K, used 528K [0x00000000d5e00000, 0x00000000eee80000, 0x0000000100000000)
  eden space 229376K, 0% used [0x00000000d5e00000,0x00000000d5e00000,0x00000000e3e00000)
  from space 35840K, 1% used [0x00000000e3e00000,0x00000000e3e84010,0x00000000e6100000)
  to   space 35840K, 0% used [0x00000000ecb80000,0x00000000ecb80000,0x00000000eee80000)
 ParOldGen       total 110080K, used 34279K [0x0000000081a00000, 0x0000000088580000, 0x00000000d5e00000)
  object space 110080K, 31% used [0x0000000081a00000,0x0000000083b79f48,0x0000000088580000)
 Metaspace       used 46557K, capacity 47487K, committed 47616K, reserved 1091584K
  class space    used 5388K, capacity 5625K, committed 5632K, reserved 1048576K
}
Event: 356.265 GC heap before
{Heap before GC invocations=16 (full 4):
 PSYoungGen      total 265216K, used 229904K [0x00000000d5e00000, 0x00000000eee80000, 0x0000000100000000)
  eden space 229376K, 100% used [0x00000000d5e00000,0x00000000e3e00000,0x00000000e3e00000)
  from space 35840K, 1% used [0x00000000e3e00000,0x00000000e3e84010,0x00000000e6100000)
  to   space 35840K, 0% used [0x00000000ecb80000,0x00000000ecb80000,0x00000000eee80000)
 ParOldGen       total 110080K, used 34279K [0x0000000081a00000, 0x0000000088580000, 0x00000000d5e00000)
  object space 110080K, 31% used [0x0000000081a00000,0x0000000083b79f48,0x0000000088580000)
 Metaspace       used 46610K, capacity 47487K, committed 47616K, reserved 1091584K
  class space    used 5389K, capacity 5625K, committed 5632K, reserved 1048576K
Event: 356.270 GC heap after
Heap after GC invocations=16 (full 4):
 PSYoungGen      total 359936K, used 208K [0x00000000d5e00000, 0x00000000ee700000, 0x0000000100000000)
  eden space 331776K, 0% used [0x00000000d5e00000,0x00000000d5e00000,0x00000000ea200000)
  from space 28160K, 0% used [0x00000000ecb80000,0x00000000ecbb4010,0x00000000ee700000)
  to   space 35328K, 0% used [0x00000000ea200000,0x00000000ea200000,0x00000000ec480000)
 ParOldGen       total 110080K, used 34491K [0x0000000081a00000, 0x0000000088580000, 0x00000000d5e00000)
  object space 110080K, 31% used [0x0000000081a00000,0x0000000083baef98,0x0000000088580000)
 Metaspace       used 46610K, capacity 47487K, committed 47616K, reserved 1091584K
  class space    used 5389K, capacity 5625K, committed 5632K, reserved 1048576K
}
Event: 504.991 GC heap before
{Heap before GC invocations=17 (full 4):
 PSYoungGen      total 359936K, used 331984K [0x00000000d5e00000, 0x00000000ee700000, 0x0000000100000000)
  eden space 331776K, 100% used [0x00000000d5e00000,0x00000000ea200000,0x00000000ea200000)
  from space 28160K, 0% used [0x00000000ecb80000,0x00000000ecbb4010,0x00000000ee700000)
  to   space 35328K, 0% used [0x00000000ea200000,0x00000000ea200000,0x00000000ec480000)
 ParOldGen       total 110080K, used 34491K [0x0000000081a00000, 0x0000000088580000, 0x00000000d5e00000)
  object space 110080K, 31% used [0x0000000081a00000,0x0000000083baef98,0x0000000088580000)
 Metaspace       used 46674K, capacity 47563K, committed 47616K, reserved 1091584K
  class space    used 5391K, capacity 5627K, committed 5632K, reserved 1048576K
Event: 504.998 GC heap after
Heap after GC invocations=17 (full 4):
 PSYoungGen      total 367104K, used 256K [0x00000000d5e00000, 0x00000000f6a80000, 0x0000000100000000)
  eden space 331776K, 0% used [0x00000000d5e00000,0x00000000d5e00000,0x00000000ea200000)
  from space 35328K, 0% used [0x00000000ea200000,0x00000000ea240000,0x00000000ec480000)
  to   space 34816K, 0% used [0x00000000f4880000,0x00000000f4880000,0x00000000f6a80000)
 ParOldGen       total 110080K, used 34571K [0x0000000081a00000, 0x0000000088580000, 0x00000000d5e00000)
  object space 110080K, 31% used [0x0000000081a00000,0x0000000083bc2fa8,0x0000000088580000)
 Metaspace       used 46674K, capacity 47563K, committed 47616K, reserved 1091584K
  class space    used 5391K, capacity 5627K, committed 5632K, reserved 1048576K
}
Event: 655.653 GC heap before
{Heap before GC invocations=18 (full 4):
 PSYoungGen      total 367104K, used 332032K [0x00000000d5e00000, 0x00000000f6a80000, 0x0000000100000000)
  eden space 331776K, 100% used [0x00000000d5e00000,0x00000000ea200000,0x00000000ea200000)
  from space 35328K, 0% used [0x00000000ea200000,0x00000000ea240000,0x00000000ec480000)
  to   space 34816K, 0% used [0x00000000f4880000,0x00000000f4880000,0x00000000f6a80000)
 ParOldGen       total 110080K, used 34571K [0x0000000081a00000, 0x0000000088580000, 0x00000000d5e00000)
  object space 110080K, 31% used [0x0000000081a00000,0x0000000083bc2fa8,0x0000000088580000)
 Metaspace       used 46708K, capacity 47627K, committed 47872K, reserved 1091584K
  class space    used 5391K, capacity 5627K, committed 5632K, reserved 1048576K
Event: 655.657 GC heap after
Heap after GC invocations=18 (full 4):
 PSYoungGen      total 474624K, used 224K [0x00000000d5e00000, 0x00000000f5c00000, 0x0000000100000000)
  eden space 454656K, 0% used [0x00000000d5e00000,0x00000000d5e00000,0x00000000f1a00000)
  from space 19968K, 1% used [0x00000000f4880000,0x00000000f48b8000,0x00000000f5c00000)
  to   space 33792K, 0% used [0x00000000f1a00000,0x00000000f1a00000,0x00000000f3b00000)
 ParOldGen       total 110080K, used 34635K [0x0000000081a00000, 0x0000000088580000, 0x00000000d5e00000)
  object space 110080K, 31% used [0x0000000081a00000,0x0000000083bd2fa8,0x0000000088580000)
 Metaspace       used 46708K, capacity 47627K, committed 47872K, reserved 1091584K
  class space    used 5391K, capacity 5627K, committed 5632K, reserved 1048576K
}
Event: 861.173 GC heap before
{Heap before GC invocations=19 (full 4):
 PSYoungGen      total 474624K, used 454880K [0x00000000d5e00000, 0x00000000f5c00000, 0x0000000100000000)
  eden space 454656K, 100% used [0x00000000d5e00000,0x00000000f1a00000,0x00000000f1a00000)
  from space 19968K, 1% used [0x00000000f4880000,0x00000000f48b8000,0x00000000f5c00000)
  to   space 33792K, 0% used [0x00000000f1a00000,0x00000000f1a00000,0x00000000f3b00000)
 ParOldGen       total 110080K, used 34635K [0x0000000081a00000, 0x0000000088580000, 0x00000000d5e00000)
  object space 110080K, 31% used [0x0000000081a00000,0x0000000083bd2fa8,0x0000000088580000)
 Metaspace       used 46743K, capacity 47627K, committed 47872K, reserved 1091584K
  class space    used 5392K, capacity 5627K, committed 5632K, reserved 1048576K
Event: 861.179 GC heap after
Heap after GC invocations=19 (full 4):
 PSYoungGen      total 488448K, used 192K [0x00000000d5e00000, 0x00000000feb80000, 0x0000000100000000)
  eden space 454656K, 0% used [0x00000000d5e00000,0x00000000d5e00000,0x00000000f1a00000)
  from space 33792K, 0% used [0x00000000f1a00000,0x00000000f1a30000,0x00000000f3b00000)
  to   space 32768K, 0% used [0x00000000fcb80000,0x00000000fcb80000,0x00000000feb80000)
 ParOldGen       total 110080K, used 34699K [0x0000000081a00000, 0x0000000088580000, 0x00000000d5e00000)
  object space 110080K, 31% used [0x0000000081a00000,0x0000000083be2fa8,0x0000000088580000)
 Metaspace       used 46743K, capacity 47627K, committed 47872K, reserved 1091584K
  class space    used 5392K, capacity 5627K, committed 5632K, reserved 1048576K
}

