# JRE version: Java(TM) SE Runtime Environment (8.0_25-b18) (build 1.8.0_25-b18)
# Java VM: Java HotSpot(TM) 64-Bit Server VM (25.25-b02 mixed mode windows-amd64 compressed oops)
Heap:
 PSYoungGen      total 263168K, used 184629K [0x00000000d5e00000, 0x00000000edf00000, 0x0000000100000000)
  eden space 227328K, 81% used [0x00000000d5e00000,0x00000000e11e56a8,0x00000000e3c00000)
  from space 35840K, 1% used [0x00000000e3c00000,0x00000000e3c68000,0x00000000e5f00000)
  to   space 35840K, 0% used [0x00000000ebc00000,0x00000000ebc00000,0x00000000edf00000)
 ParOldGen       total 114176K, used 34266K [0x0000000081a00000, 0x0000000088980000, 0x00000000d5e00000)
  object space 114176K, 30% used [0x0000000081a00000,0x0000000083b768c0,0x0000000088980000)
 Metaspace       used 46611K, capacity 47429K, committed 47616K, reserved 1091584K
  class space    used 5403K, capacity 5626K, committed 5632K, reserved 1048576K
GC Heap History (10 events):
Event: 11.780 GC heap before
{Heap before GC invocations=11 (full 2):
 PSYoungGen      total 248832K, used 21472K [0x00000000d5e00000, 0x00000000e8100000, 0x0000000100000000)
  eden space 227328K, 0% used [0x00000000d5e00000,0x00000000d5e00000,0x00000000e3c00000)
  from space 21504K, 99% used [0x00000000e4a00000,0x00000000e5ef8020,0x00000000e5f00000)
  to   space 34816K, 0% used [0x00000000e5f00000,0x00000000e5f00000,0x00000000e8100000)
 ParOldGen       total 64000K, used 60460K [0x0000000081a00000, 0x0000000085880000, 0x00000000d5e00000)
  object space 64000K, 94% used [0x0000000081a00000,0x000000008550b2b8,0x0000000085880000)
 Metaspace       used 33560K, capacity 34262K, committed 34560K, reserved 1079296K
  class space    used 4067K, capacity 4274K, committed 4352K, reserved 1048576K
Event: 11.931 GC heap after
Heap after GC invocations=11 (full 2):
 PSYoungGen      total 248832K, used 0K [0x00000000d5e00000, 0x00000000e8100000, 0x0000000100000000)
  eden space 227328K, 0% used [0x00000000d5e00000,0x00000000d5e00000,0x00000000e3c00000)
  from space 21504K, 0% used [0x00000000e4a00000,0x00000000e4a00000,0x00000000e5f00000)
  to   space 34816K, 0% used [0x00000000e5f00000,0x00000000e5f00000,0x00000000e8100000)
 ParOldGen       total 64000K, used 57160K [0x0000000081a00000, 0x0000000085880000, 0x00000000d5e00000)
  object space 64000K, 89% used [0x0000000081a00000,0x00000000851d23b8,0x0000000085880000)
 Metaspace       used 33559K, capacity 34260K, committed 34560K, reserved 1079296K
  class space    used 4067K, capacity 4273K, committed 4352K, reserved 1048576K
}
Event: 11.932 GC heap before
{Heap before GC invocations=12 (full 2):
 PSYoungGen      total 248832K, used 378K [0x00000000d5e00000, 0x00000000e8100000, 0x0000000100000000)
  eden space 227328K, 0% used [0x00000000d5e00000,0x00000000d5e5eb90,0x00000000e3c00000)
  from space 21504K, 0% used [0x00000000e4a00000,0x00000000e4a00000,0x00000000e5f00000)
  to   space 34816K, 0% used [0x00000000e5f00000,0x00000000e5f00000,0x00000000e8100000)
 ParOldGen       total 64000K, used 57160K [0x0000000081a00000, 0x0000000085880000, 0x00000000d5e00000)
  object space 64000K, 89% used [0x0000000081a00000,0x00000000851d23b8,0x0000000085880000)
 Metaspace       used 33559K, capacity 34260K, committed 34560K, reserved 1079296K
  class space    used 4067K, capacity 4273K, committed 4352K, reserved 1048576K
Event: 11.933 GC heap after
Heap after GC invocations=12 (full 2):
 PSYoungGen      total 262144K, used 0K [0x00000000d5e00000, 0x00000000e8200000, 0x0000000100000000)
  eden space 227328K, 0% used [0x00000000d5e00000,0x00000000d5e00000,0x00000000e3c00000)
  from space 34816K, 0% used [0x00000000e5f00000,0x00000000e5f00000,0x00000000e8100000)
  to   space 35840K, 0% used [0x00000000e3c00000,0x00000000e3c00000,0x00000000e5f00000)
 ParOldGen       total 64000K, used 57160K [0x0000000081a00000, 0x0000000085880000, 0x00000000d5e00000)
  object space 64000K, 89% used [0x0000000081a00000,0x00000000851d23b8,0x0000000085880000)
 Metaspace       used 33559K, capacity 34260K, committed 34560K, reserved 1079296K
  class space    used 4067K, capacity 4273K, committed 4352K, reserved 1048576K
}
Event: 11.933 GC heap before
{Heap before GC invocations=13 (full 3):
 PSYoungGen      total 262144K, used 0K [0x00000000d5e00000, 0x00000000e8200000, 0x0000000100000000)
  eden space 227328K, 0% used [0x00000000d5e00000,0x00000000d5e00000,0x00000000e3c00000)
  from space 34816K, 0% used [0x00000000e5f00000,0x00000000e5f00000,0x00000000e8100000)
  to   space 35840K, 0% used [0x00000000e3c00000,0x00000000e3c00000,0x00000000e5f00000)
 ParOldGen       total 64000K, used 57160K [0x0000000081a00000, 0x0000000085880000, 0x00000000d5e00000)
  object space 64000K, 89% used [0x0000000081a00000,0x00000000851d23b8,0x0000000085880000)
 Metaspace       used 33559K, capacity 34260K, committed 34560K, reserved 1079296K
  class space    used 4067K, capacity 4273K, committed 4352K, reserved 1048576K
Event: 11.990 GC heap after
Heap after GC invocations=13 (full 3):
 PSYoungGen      total 262144K, used 0K [0x00000000d5e00000, 0x00000000e8200000, 0x0000000100000000)
  eden space 227328K, 0% used [0x00000000d5e00000,0x00000000d5e00000,0x00000000e3c00000)
  from space 34816K, 0% used [0x00000000e5f00000,0x00000000e5f00000,0x00000000e8100000)
  to   space 35840K, 0% used [0x00000000e3c00000,0x00000000e3c00000,0x00000000e5f00000)
 ParOldGen       total 64000K, used 57160K [0x0000000081a00000, 0x0000000085880000, 0x00000000d5e00000)
  object space 64000K, 89% used [0x0000000081a00000,0x00000000851d2398,0x0000000085880000)
 Metaspace       used 33559K, capacity 34260K, committed 34560K, reserved 1079296K
  class space    used 4067K, capacity 4273K, committed 4352K, reserved 1048576K
}
Event: 69.900 GC heap before
{Heap before GC invocations=14 (full 4):
 PSYoungGen      total 262144K, used 227328K [0x00000000d5e00000, 0x00000000e8200000, 0x0000000100000000)
  eden space 227328K, 100% used [0x00000000d5e00000,0x00000000e3c00000,0x00000000e3c00000)
  from space 34816K, 0% used [0x00000000e5f00000,0x00000000e5f00000,0x00000000e8100000)
  to   space 35840K, 0% used [0x00000000e3c00000,0x00000000e3c00000,0x00000000e5f00000)
 ParOldGen       total 64000K, used 57162K [0x0000000081a00000, 0x0000000085880000, 0x00000000d5e00000)
  object space 64000K, 89% used [0x0000000081a00000,0x00000000851d2a78,0x0000000085880000)
 Metaspace       used 46162K, capacity 47073K, committed 47104K, reserved 1091584K
  class space    used 5368K, capacity 5620K, committed 5632K, reserved 1048576K
Event: 70.453 GC heap after
Heap after GC invocations=14 (full 4):
 PSYoungGen      total 262144K, used 0K [0x00000000d5e00000, 0x00000000e8200000, 0x0000000100000000)
  eden space 227328K, 0% used [0x00000000d5e00000,0x00000000d5e00000,0x00000000e3c00000)
  from space 34816K, 0% used [0x00000000e5f00000,0x00000000e5f00000,0x00000000e8100000)
  to   space 35840K, 0% used [0x00000000e3c00000,0x00000000e3c00000,0x00000000e5f00000)
 ParOldGen       total 114176K, used 34258K [0x0000000081a00000, 0x0000000088980000, 0x00000000d5e00000)
  object space 114176K, 30% used [0x0000000081a00000,0x0000000083b748c0,0x0000000088980000)
 Metaspace       used 46162K, capacity 47073K, committed 47104K, reserved 1091584K
  class space    used 5368K, capacity 5620K, committed 5632K, reserved 1048576K
}
Event: 219.258 GC heap before
{Heap before GC invocations=15 (full 4):
 PSYoungGen      total 262144K, used 227328K [0x00000000d5e00000, 0x00000000e8200000, 0x0000000100000000)
  eden space 227328K, 100% used [0x00000000d5e00000,0x00000000e3c00000,0x00000000e3c00000)
  from space 34816K, 0% used [0x00000000e5f00000,0x00000000e5f00000,0x00000000e8100000)
  to   space 35840K, 0% used [0x00000000e3c00000,0x00000000e3c00000,0x00000000e5f00000)
 ParOldGen       total 114176K, used 34258K [0x0000000081a00000, 0x0000000088980000, 0x00000000d5e00000)
  object space 114176K, 30% used [0x0000000081a00000,0x0000000083b748c0,0x0000000088980000)
 Metaspace       used 46443K, capacity 47359K, committed 47616K, reserved 1091584K
  class space    used 5387K, capacity 5625K, committed 5632K, reserved 1048576K
Event: 219.266 GC heap after
Heap after GC invocations=15 (full 4):
 PSYoungGen      total 263168K, used 416K [0x00000000d5e00000, 0x00000000edf00000, 0x0000000100000000)
  eden space 227328K, 0% used [0x00000000d5e00000,0x00000000d5e00000,0x00000000e3c00000)
  from space 35840K, 1% used [0x00000000e3c00000,0x00000000e3c68000,0x00000000e5f00000)
  to   space 35840K, 0% used [0x00000000ebc00000,0x00000000ebc00000,0x00000000edf00000)
 ParOldGen       total 114176K, used 34266K [0x0000000081a00000, 0x0000000088980000, 0x00000000d5e00000)
  object space 114176K, 30% used [0x0000000081a00000,0x0000000083b768c0,0x0000000088980000)
 Metaspace       used 46443K, capacity 47359K, committed 47616K, reserved 1091584K
  class space    used 5387K, capacity 5625K, committed 5632K, reserved 1048576K
}

