# JRE version: Java(TM) SE Runtime Environment (8.0_25-b18) (build 1.8.0_25-b18)
# Java VM: Java HotSpot(TM) 64-Bit Server VM (25.25-b02 mixed mode windows-amd64 compressed oops)
Heap:
 PSYoungGen      total 357376K, used 220256K [0x00000000d5e00000, 0x00000000f5900000, 0x0000000100000000)
  eden space 322048K, 68% used [0x00000000d5e00000,0x00000000e34d0128,0x00000000e9880000)
  from space 35328K, 0% used [0x00000000e9880000,0x00000000e98c8000,0x00000000ebb00000)
  to   space 34816K, 0% used [0x00000000f3700000,0x00000000f3700000,0x00000000f5900000)
 ParOldGen       total 111104K, used 34531K [0x0000000081a00000, 0x0000000088680000, 0x00000000d5e00000)
  object space 111104K, 31% used [0x0000000081a00000,0x0000000083bb8c98,0x0000000088680000)
 Metaspace       used 46739K, capacity 47627K, committed 47872K, reserved 1091584K
  class space    used 5403K, capacity 5627K, committed 5632K, reserved 1048576K
GC Heap History (10 events):
Event: 11.055 GC heap before
{Heap before GC invocations=13 (full 3):
 PSYoungGen      total 257024K, used 0K [0x00000000d5e00000, 0x00000000e7f80000, 0x0000000100000000)
  eden space 224768K, 0% used [0x00000000d5e00000,0x00000000d5e00000,0x00000000e3980000)
  from space 32256K, 0% used [0x00000000e5f00000,0x00000000e5f00000,0x00000000e7e80000)
  to   space 35840K, 0% used [0x00000000e3980000,0x00000000e3980000,0x00000000e5c80000)
 ParOldGen       total 64512K, used 56988K [0x0000000081a00000, 0x0000000085900000, 0x00000000d5e00000)
  object space 64512K, 88% used [0x0000000081a00000,0x00000000851a71c0,0x0000000085900000)
 Metaspace       used 33625K, capacity 34324K, committed 34560K, reserved 1079296K
  class space    used 4067K, capacity 4273K, committed 4352K, reserved 1048576K
Event: 11.131 GC heap after
Heap after GC invocations=13 (full 3):
 PSYoungGen      total 257024K, used 0K [0x00000000d5e00000, 0x00000000e7f80000, 0x0000000100000000)
  eden space 224768K, 0% used [0x00000000d5e00000,0x00000000d5e00000,0x00000000e3980000)
  from space 32256K, 0% used [0x00000000e5f00000,0x00000000e5f00000,0x00000000e7e80000)
  to   space 35840K, 0% used [0x00000000e3980000,0x00000000e3980000,0x00000000e5c80000)
 ParOldGen       total 64512K, used 56988K [0x0000000081a00000, 0x0000000085900000, 0x00000000d5e00000)
  object space 64512K, 88% used [0x0000000081a00000,0x00000000851a71a0,0x0000000085900000)
 Metaspace       used 33625K, capacity 34324K, committed 34560K, reserved 1079296K
  class space    used 4067K, capacity 4273K, committed 4352K, reserved 1048576K
}
Event: 167.785 GC heap before
{Heap before GC invocations=14 (full 4):
 PSYoungGen      total 257024K, used 224768K [0x00000000d5e00000, 0x00000000e7f80000, 0x0000000100000000)
  eden space 224768K, 100% used [0x00000000d5e00000,0x00000000e3980000,0x00000000e3980000)
  from space 32256K, 0% used [0x00000000e5f00000,0x00000000e5f00000,0x00000000e7e80000)
  to   space 35840K, 0% used [0x00000000e3980000,0x00000000e3980000,0x00000000e5c80000)
 ParOldGen       total 64512K, used 56990K [0x0000000081a00000, 0x0000000085900000, 0x00000000d5e00000)
  object space 64512K, 88% used [0x0000000081a00000,0x00000000851a78c0,0x0000000085900000)
 Metaspace       used 46241K, capacity 47137K, committed 47360K, reserved 1091584K
  class space    used 5367K, capacity 5620K, committed 5632K, reserved 1048576K
Event: 167.926 GC heap after
Heap after GC invocations=14 (full 4):
 PSYoungGen      total 257024K, used 0K [0x00000000d5e00000, 0x00000000e7f80000, 0x0000000100000000)
  eden space 224768K, 0% used [0x00000000d5e00000,0x00000000d5e00000,0x00000000e3980000)
  from space 32256K, 0% used [0x00000000e5f00000,0x00000000e5f00000,0x00000000e7e80000)
  to   space 35840K, 0% used [0x00000000e3980000,0x00000000e3980000,0x00000000e5c80000)
 ParOldGen       total 111104K, used 34231K [0x0000000081a00000, 0x0000000088680000, 0x00000000d5e00000)
  object space 111104K, 30% used [0x0000000081a00000,0x0000000083b6dc38,0x0000000088680000)
 Metaspace       used 46241K, capacity 47137K, committed 47360K, reserved 1091584K
  class space    used 5367K, capacity 5620K, committed 5632K, reserved 1048576K
}
Event: 663.689 GC heap before
{Heap before GC invocations=15 (full 4):
 PSYoungGen      total 257024K, used 224768K [0x00000000d5e00000, 0x00000000e7f80000, 0x0000000100000000)
  eden space 224768K, 100% used [0x00000000d5e00000,0x00000000e3980000,0x00000000e3980000)
  from space 32256K, 0% used [0x00000000e5f00000,0x00000000e5f00000,0x00000000e7e80000)
  to   space 35840K, 0% used [0x00000000e3980000,0x00000000e3980000,0x00000000e5c80000)
 ParOldGen       total 111104K, used 34231K [0x0000000081a00000, 0x0000000088680000, 0x00000000d5e00000)
  object space 111104K, 30% used [0x0000000081a00000,0x0000000083b6dc38,0x0000000088680000)
 Metaspace       used 46520K, capacity 47423K, committed 47616K, reserved 1091584K
  class space    used 5386K, capacity 5625K, committed 5632K, reserved 1048576K
Event: 663.693 GC heap after
Heap after GC invocations=15 (full 4):
 PSYoungGen      total 260608K, used 448K [0x00000000d5e00000, 0x00000000ee580000, 0x0000000100000000)
  eden space 224768K, 0% used [0x00000000d5e00000,0x00000000d5e00000,0x00000000e3980000)
  from space 35840K, 1% used [0x00000000e3980000,0x00000000e39f0000,0x00000000e5c80000)
  to   space 35840K, 0% used [0x00000000ec280000,0x00000000ec280000,0x00000000ee580000)
 ParOldGen       total 111104K, used 34239K [0x0000000081a00000, 0x0000000088680000, 0x00000000d5e00000)
  object space 111104K, 30% used [0x0000000081a00000,0x0000000083b6fc38,0x0000000088680000)
 Metaspace       used 46520K, capacity 47423K, committed 47616K, reserved 1091584K
  class space    used 5386K, capacity 5625K, committed 5632K, reserved 1048576K
}
Event: 700.648 GC heap before
{Heap before GC invocations=16 (full 4):
 PSYoungGen      total 260608K, used 225216K [0x00000000d5e00000, 0x00000000ee580000, 0x0000000100000000)
  eden space 224768K, 100% used [0x00000000d5e00000,0x00000000e3980000,0x00000000e3980000)
  from space 35840K, 1% used [0x00000000e3980000,0x00000000e39f0000,0x00000000e5c80000)
  to   space 35840K, 0% used [0x00000000ec280000,0x00000000ec280000,0x00000000ee580000)
 ParOldGen       total 111104K, used 34239K [0x0000000081a00000, 0x0000000088680000, 0x00000000d5e00000)
  object space 111104K, 30% used [0x0000000081a00000,0x0000000083b6fc38,0x0000000088680000)
 Metaspace       used 46571K, capacity 47423K, committed 47616K, reserved 1091584K
  class space    used 5387K, capacity 5625K, committed 5632K, reserved 1048576K
Event: 700.656 GC heap after
Heap after GC invocations=16 (full 4):
 PSYoungGen      total 349696K, used 304K [0x00000000d5e00000, 0x00000000edd80000, 0x0000000100000000)
  eden space 322048K, 0% used [0x00000000d5e00000,0x00000000d5e00000,0x00000000e9880000)
  from space 27648K, 1% used [0x00000000ec280000,0x00000000ec2cc010,0x00000000edd80000)
  to   space 35328K, 0% used [0x00000000e9880000,0x00000000e9880000,0x00000000ebb00000)
 ParOldGen       total 111104K, used 34443K [0x0000000081a00000, 0x0000000088680000, 0x00000000d5e00000)
  object space 111104K, 31% used [0x0000000081a00000,0x0000000083ba2c78,0x0000000088680000)
 Metaspace       used 46571K, capacity 47423K, committed 47616K, reserved 1091584K
  class space    used 5387K, capacity 5625K, committed 5632K, reserved 1048576K
}
Event: 768.920 GC heap before
{Heap before GC invocations=17 (full 4):
 PSYoungGen      total 349696K, used 322352K [0x00000000d5e00000, 0x00000000edd80000, 0x0000000100000000)
  eden space 322048K, 100% used [0x00000000d5e00000,0x00000000e9880000,0x00000000e9880000)
  from space 27648K, 1% used [0x00000000ec280000,0x00000000ec2cc010,0x00000000edd80000)
  to   space 35328K, 0% used [0x00000000e9880000,0x00000000e9880000,0x00000000ebb00000)
 ParOldGen       total 111104K, used 34443K [0x0000000081a00000, 0x0000000088680000, 0x00000000d5e00000)
  object space 111104K, 31% used [0x0000000081a00000,0x0000000083ba2c78,0x0000000088680000)
 Metaspace       used 46615K, capacity 47563K, committed 47616K, reserved 1091584K
  class space    used 5389K, capacity 5627K, committed 5632K, reserved 1048576K
Event: 768.934 GC heap after
Heap after GC invocations=17 (full 4):
 PSYoungGen      total 357376K, used 288K [0x00000000d5e00000, 0x00000000f5900000, 0x0000000100000000)
  eden space 322048K, 0% used [0x00000000d5e00000,0x00000000d5e00000,0x00000000e9880000)
  from space 35328K, 0% used [0x00000000e9880000,0x00000000e98c8000,0x00000000ebb00000)
  to   space 34816K, 0% used [0x00000000f3700000,0x00000000f3700000,0x00000000f5900000)
 ParOldGen       total 111104K, used 34531K [0x0000000081a00000, 0x0000000088680000, 0x00000000d5e00000)
  object space 111104K, 31% used [0x0000000081a00000,0x0000000083bb8c98,0x0000000088680000)
 Metaspace       used 46615K, capacity 47563K, committed 47616K, reserved 1091584K
  class space    used 5389K, capacity 5627K, committed 5632K, reserved 1048576K
}

