# JRE version: Java(TM) SE Runtime Environment (8.0_25-b18) (build 1.8.0_25-b18)
# Java VM: Java HotSpot(TM) 64-Bit Server VM (25.25-b02 mixed mode windows-amd64 compressed oops)
Heap:
 PSYoungGen      total 258048K, used 103129K [0x00000000d5e00000, 0x00000000e8080000, 0x0000000100000000)
  eden space 224768K, 45% used [0x00000000d5e00000,0x00000000dc2b65d8,0x00000000e3980000)
  from space 33280K, 0% used [0x00000000e5f00000,0x00000000e5f00000,0x00000000e7f80000)
  to   space 36352K, 0% used [0x00000000e3980000,0x00000000e3980000,0x00000000e5d00000)
 ParOldGen       total 63488K, used 57684K [0x0000000081a00000, 0x0000000085800000, 0x00000000d5e00000)
  object space 63488K, 90% used [0x0000000081a00000,0x0000000085255148,0x0000000085800000)
 Metaspace       used 40261K, capacity 41039K, committed 41216K, reserved 1085440K
  class space    used 4620K, capacity 4847K, committed 4864K, reserved 1048576K
GC Heap History (10 events):
Event: 4.896 GC heap before
{Heap before GC invocations=9 (full 1):
 PSYoungGen      total 142848K, used 131584K [0x00000000d5e00000, 0x00000000e7400000, 0x0000000100000000)
  eden space 131584K, 100% used [0x00000000d5e00000,0x00000000dde80000,0x00000000dde80000)
  from space 11264K, 0% used [0x00000000dde80000,0x00000000dde80000,0x00000000de980000)
  to   space 10752K, 0% used [0x00000000e6980000,0x00000000e6980000,0x00000000e7400000)
 ParOldGen       total 63488K, used 12315K [0x0000000081a00000, 0x0000000085800000, 0x00000000d5e00000)
  object space 63488K, 19% used [0x0000000081a00000,0x0000000082606d20,0x0000000085800000)
 Metaspace       used 20832K, capacity 21432K, committed 21504K, reserved 1069056K
  class space    used 2377K, capacity 2520K, committed 2560K, reserved 1048576K
Event: 4.938 GC heap after
Heap after GC invocations=9 (full 1):
 PSYoungGen      total 235520K, used 10730K [0x00000000d5e00000, 0x00000000e7400000, 0x0000000100000000)
  eden space 224768K, 0% used [0x00000000d5e00000,0x00000000d5e00000,0x00000000e3980000)
  from space 10752K, 99% used [0x00000000e6980000,0x00000000e73fab40,0x00000000e7400000)
  to   space 21504K, 0% used [0x00000000e4a00000,0x00000000e4a00000,0x00000000e5f00000)
 ParOldGen       total 63488K, used 34856K [0x0000000081a00000, 0x0000000085800000, 0x00000000d5e00000)
  object space 63488K, 54% used [0x0000000081a00000,0x0000000083c0a190,0x0000000085800000)
 Metaspace       used 20832K, capacity 21432K, committed 21504K, reserved 1069056K
  class space    used 2377K, capacity 2520K, committed 2560K, reserved 1048576K
}
Event: 16.229 GC heap before
{Heap before GC invocations=10 (full 1):
 PSYoungGen      total 235520K, used 193679K [0x00000000d5e00000, 0x00000000e7400000, 0x0000000100000000)
  eden space 224768K, 81% used [0x00000000d5e00000,0x00000000e10a93f0,0x00000000e3980000)
  from space 10752K, 99% used [0x00000000e6980000,0x00000000e73fab40,0x00000000e7400000)
  to   space 21504K, 0% used [0x00000000e4a00000,0x00000000e4a00000,0x00000000e5f00000)
 ParOldGen       total 63488K, used 34856K [0x0000000081a00000, 0x0000000085800000, 0x00000000d5e00000)
  object space 63488K, 54% used [0x0000000081a00000,0x0000000083c0a190,0x0000000085800000)
 Metaspace       used 34338K, capacity 35038K, committed 35328K, reserved 1081344K
  class space    used 4123K, capacity 4338K, committed 4352K, reserved 1048576K
Event: 16.350 GC heap after
Heap after GC invocations=10 (full 1):
 PSYoungGen      total 246272K, used 21476K [0x00000000d5e00000, 0x00000000e7f80000, 0x0000000100000000)
  eden space 224768K, 0% used [0x00000000d5e00000,0x00000000d5e00000,0x00000000e3980000)
  from space 21504K, 99% used [0x00000000e4a00000,0x00000000e5ef92c0,0x00000000e5f00000)
  to   space 33280K, 0% used [0x00000000e5f00000,0x00000000e5f00000,0x00000000e7f80000)
 ParOldGen       total 63488K, used 61911K [0x0000000081a00000, 0x0000000085800000, 0x00000000d5e00000)
  object space 63488K, 97% used [0x0000000081a00000,0x0000000085675cf0,0x0000000085800000)
 Metaspace       used 34338K, capacity 35038K, committed 35328K, reserved 1081344K
  class space    used 4123K, capacity 4338K, committed 4352K, reserved 1048576K
}
Event: 16.350 GC heap before
{Heap before GC invocations=11 (full 2):
 PSYoungGen      total 246272K, used 21476K [0x00000000d5e00000, 0x00000000e7f80000, 0x0000000100000000)
  eden space 224768K, 0% used [0x00000000d5e00000,0x00000000d5e00000,0x00000000e3980000)
  from space 21504K, 99% used [0x00000000e4a00000,0x00000000e5ef92c0,0x00000000e5f00000)
  to   space 33280K, 0% used [0x00000000e5f00000,0x00000000e5f00000,0x00000000e7f80000)
 ParOldGen       total 63488K, used 61911K [0x0000000081a00000, 0x0000000085800000, 0x00000000d5e00000)
  object space 63488K, 97% used [0x0000000081a00000,0x0000000085675cf0,0x0000000085800000)
 Metaspace       used 34338K, capacity 35038K, committed 35328K, reserved 1081344K
  class space    used 4123K, capacity 4338K, committed 4352K, reserved 1048576K
Event: 16.559 GC heap after
Heap after GC invocations=11 (full 2):
 PSYoungGen      total 246272K, used 0K [0x00000000d5e00000, 0x00000000e7f80000, 0x0000000100000000)
  eden space 224768K, 0% used [0x00000000d5e00000,0x00000000d5e00000,0x00000000e3980000)
  from space 21504K, 0% used [0x00000000e4a00000,0x00000000e4a00000,0x00000000e5f00000)
  to   space 33280K, 0% used [0x00000000e5f00000,0x00000000e5f00000,0x00000000e7f80000)
 ParOldGen       total 63488K, used 57684K [0x0000000081a00000, 0x0000000085800000, 0x00000000d5e00000)
  object space 63488K, 90% used [0x0000000081a00000,0x00000000852550a0,0x0000000085800000)
 Metaspace       used 34336K, capacity 35036K, committed 35328K, reserved 1081344K
  class space    used 4122K, capacity 4337K, committed 4352K, reserved 1048576K
}
Event: 16.559 GC heap before
{Heap before GC invocations=12 (full 2):
 PSYoungGen      total 246272K, used 2900K [0x00000000d5e00000, 0x00000000e7f80000, 0x0000000100000000)
  eden space 224768K, 1% used [0x00000000d5e00000,0x00000000d60d53f0,0x00000000e3980000)
  from space 21504K, 0% used [0x00000000e4a00000,0x00000000e4a00000,0x00000000e5f00000)
  to   space 33280K, 0% used [0x00000000e5f00000,0x00000000e5f00000,0x00000000e7f80000)
 ParOldGen       total 63488K, used 57684K [0x0000000081a00000, 0x0000000085800000, 0x00000000d5e00000)
  object space 63488K, 90% used [0x0000000081a00000,0x00000000852550a0,0x0000000085800000)
 Metaspace       used 34336K, capacity 35036K, committed 35328K, reserved 1081344K
  class space    used 4122K, capacity 4337K, committed 4352K, reserved 1048576K
Event: 16.561 GC heap after
Heap after GC invocations=12 (full 2):
 PSYoungGen      total 258048K, used 160K [0x00000000d5e00000, 0x00000000e8080000, 0x0000000100000000)
  eden space 224768K, 0% used [0x00000000d5e00000,0x00000000d5e00000,0x00000000e3980000)
  from space 33280K, 0% used [0x00000000e5f00000,0x00000000e5f28000,0x00000000e7f80000)
  to   space 36352K, 0% used [0x00000000e3980000,0x00000000e3980000,0x00000000e5d00000)
 ParOldGen       total 63488K, used 57684K [0x0000000081a00000, 0x0000000085800000, 0x00000000d5e00000)
  object space 63488K, 90% used [0x0000000081a00000,0x00000000852550a0,0x0000000085800000)
 Metaspace       used 34336K, capacity 35036K, committed 35328K, reserved 1081344K
  class space    used 4122K, capacity 4337K, committed 4352K, reserved 1048576K
}
Event: 16.561 GC heap before
{Heap before GC invocations=13 (full 3):
 PSYoungGen      total 258048K, used 160K [0x00000000d5e00000, 0x00000000e8080000, 0x0000000100000000)
  eden space 224768K, 0% used [0x00000000d5e00000,0x00000000d5e00000,0x00000000e3980000)
  from space 33280K, 0% used [0x00000000e5f00000,0x00000000e5f28000,0x00000000e7f80000)
  to   space 36352K, 0% used [0x00000000e3980000,0x00000000e3980000,0x00000000e5d00000)
 ParOldGen       total 63488K, used 57684K [0x0000000081a00000, 0x0000000085800000, 0x00000000d5e00000)
  object space 63488K, 90% used [0x0000000081a00000,0x00000000852550a0,0x0000000085800000)
 Metaspace       used 34336K, capacity 35036K, committed 35328K, reserved 1081344K
  class space    used 4122K, capacity 4337K, committed 4352K, reserved 1048576K
Event: 16.635 GC heap after
Heap after GC invocations=13 (full 3):
 PSYoungGen      total 258048K, used 0K [0x00000000d5e00000, 0x00000000e8080000, 0x0000000100000000)
  eden space 224768K, 0% used [0x00000000d5e00000,0x00000000d5e00000,0x00000000e3980000)
  from space 33280K, 0% used [0x00000000e5f00000,0x00000000e5f00000,0x00000000e7f80000)
  to   space 36352K, 0% used [0x00000000e3980000,0x00000000e3980000,0x00000000e5d00000)
 ParOldGen       total 63488K, used 57684K [0x0000000081a00000, 0x0000000085800000, 0x00000000d5e00000)
  object space 63488K, 90% used [0x0000000081a00000,0x0000000085255148,0x0000000085800000)
 Metaspace       used 34336K, capacity 35036K, committed 35328K, reserved 1081344K
  class space    used 4122K, capacity 4337K, committed 4352K, reserved 1048576K
}

