# JRE version: Java(TM) SE Runtime Environment (8.0_25-b18) (build 1.8.0_25-b18)
# Java VM: Java HotSpot(TM) 64-Bit Server VM (25.25-b02 mixed mode windows-amd64 compressed oops)
Heap:
 PSYoungGen      total 248832K, used 81499K [0x00000000d5e00000, 0x00000000e7280000, 0x0000000100000000)
  eden space 230912K, 35% used [0x00000000d5e00000,0x00000000dad5ed68,0x00000000e3f80000)
  from space 17920K, 1% used [0x00000000e6100000,0x00000000e6138000,0x00000000e7280000)
  to   space 26112K, 0% used [0x00000000e3f80000,0x00000000e3f80000,0x00000000e5900000)
 ParOldGen       total 64512K, used 44299K [0x0000000081a00000, 0x0000000085900000, 0x00000000d5e00000)
  object space 64512K, 68% used [0x0000000081a00000,0x0000000084542e58,0x0000000085900000)
 Metaspace       used 47444K, capacity 48275K, committed 48512K, reserved 1091584K
  class space    used 5447K, capacity 5691K, committed 5760K, reserved 1048576K
GC Heap History (10 events):
Event: 102.651 GC heap before
{Heap before GC invocations=17 (full 3):
 PSYoungGen      total 154112K, used 129024K [0x00000000d5e00000, 0x00000000e1100000, 0x0000000100000000)
  eden space 129024K, 100% used [0x00000000d5e00000,0x00000000ddc00000,0x00000000ddc00000)
  from space 25088K, 0% used [0x00000000ddc00000,0x00000000ddc00000,0x00000000df480000)
  to   space 25600K, 0% used [0x00000000df800000,0x00000000df800000,0x00000000e1100000)
 ParOldGen       total 64512K, used 33247K [0x0000000081a00000, 0x0000000085900000, 0x00000000d5e00000)
  object space 64512K, 51% used [0x0000000081a00000,0x0000000083a77c10,0x0000000085900000)
 Metaspace       used 44660K, capacity 45477K, committed 45696K, reserved 1089536K
  class space    used 5228K, capacity 5460K, committed 5504K, reserved 1048576K
Event: 102.666 GC heap after
Heap after GC invocations=17 (full 3):
 PSYoungGen      total 156672K, used 17575K [0x00000000d5e00000, 0x00000000e4800000, 0x0000000100000000)
  eden space 131072K, 0% used [0x00000000d5e00000,0x00000000d5e00000,0x00000000dde00000)
  from space 25600K, 68% used [0x00000000df800000,0x00000000e0929ee0,0x00000000e1100000)
  to   space 26624K, 0% used [0x00000000dde00000,0x00000000dde00000,0x00000000df800000)
 ParOldGen       total 64512K, used 33263K [0x0000000081a00000, 0x0000000085900000, 0x00000000d5e00000)
  object space 64512K, 51% used [0x0000000081a00000,0x0000000083a7bc10,0x0000000085900000)
 Metaspace       used 44660K, capacity 45477K, committed 45696K, reserved 1089536K
  class space    used 5228K, capacity 5460K, committed 5504K, reserved 1048576K
}
Event: 128.699 GC heap before
{Heap before GC invocations=18 (full 3):
 PSYoungGen      total 156672K, used 148647K [0x00000000d5e00000, 0x00000000e4800000, 0x0000000100000000)
  eden space 131072K, 100% used [0x00000000d5e00000,0x00000000dde00000,0x00000000dde00000)
  from space 25600K, 68% used [0x00000000df800000,0x00000000e0929ee0,0x00000000e1100000)
  to   space 26624K, 0% used [0x00000000dde00000,0x00000000dde00000,0x00000000df800000)
 ParOldGen       total 64512K, used 33263K [0x0000000081a00000, 0x0000000085900000, 0x00000000d5e00000)
  object space 64512K, 51% used [0x0000000081a00000,0x0000000083a7bc10,0x0000000085900000)
 Metaspace       used 47150K, capacity 48039K, committed 48256K, reserved 1091584K
  class space    used 5430K, capacity 5657K, committed 5760K, reserved 1048576K
Event: 128.717 GC heap after
Heap after GC invocations=18 (full 3):
 PSYoungGen      total 157696K, used 2331K [0x00000000d5e00000, 0x00000000e4680000, 0x0000000100000000)
  eden space 131072K, 0% used [0x00000000d5e00000,0x00000000d5e00000,0x00000000dde00000)
  from space 26624K, 8% used [0x00000000dde00000,0x00000000de046c08,0x00000000df800000)
  to   space 26624K, 0% used [0x00000000e2c80000,0x00000000e2c80000,0x00000000e4680000)
 ParOldGen       total 64512K, used 43019K [0x0000000081a00000, 0x0000000085900000, 0x00000000d5e00000)
  object space 64512K, 66% used [0x0000000081a00000,0x0000000084402de8,0x0000000085900000)
 Metaspace       used 47150K, capacity 48039K, committed 48256K, reserved 1091584K
  class space    used 5430K, capacity 5657K, committed 5760K, reserved 1048576K
}
Event: 150.880 GC heap before
{Heap before GC invocations=19 (full 3):
 PSYoungGen      total 157696K, used 133403K [0x00000000d5e00000, 0x00000000e4680000, 0x0000000100000000)
  eden space 131072K, 100% used [0x00000000d5e00000,0x00000000dde00000,0x00000000dde00000)
  from space 26624K, 8% used [0x00000000dde00000,0x00000000de046c08,0x00000000df800000)
  to   space 26624K, 0% used [0x00000000e2c80000,0x00000000e2c80000,0x00000000e4680000)
 ParOldGen       total 64512K, used 43019K [0x0000000081a00000, 0x0000000085900000, 0x00000000d5e00000)
  object space 64512K, 66% used [0x0000000081a00000,0x0000000084402de8,0x0000000085900000)
 Metaspace       used 47221K, capacity 48103K, committed 48256K, reserved 1091584K
  class space    used 5430K, capacity 5657K, committed 5760K, reserved 1048576K
Event: 150.887 GC heap after
Heap after GC invocations=19 (full 3):
 PSYoungGen      total 202240K, used 288K [0x00000000d5e00000, 0x00000000e4280000, 0x0000000100000000)
  eden space 179712K, 0% used [0x00000000d5e00000,0x00000000d5e00000,0x00000000e0d80000)
  from space 22528K, 1% used [0x00000000e2c80000,0x00000000e2cc8000,0x00000000e4280000)
  to   space 27136K, 0% used [0x00000000e0d80000,0x00000000e0d80000,0x00000000e2800000)
 ParOldGen       total 64512K, used 44131K [0x0000000081a00000, 0x0000000085900000, 0x00000000d5e00000)
  object space 64512K, 68% used [0x0000000081a00000,0x0000000084518e18,0x0000000085900000)
 Metaspace       used 47221K, capacity 48103K, committed 48256K, reserved 1091584K
  class space    used 5430K, capacity 5657K, committed 5760K, reserved 1048576K
}
Event: 175.133 GC heap before
{Heap before GC invocations=20 (full 3):
 PSYoungGen      total 202240K, used 180000K [0x00000000d5e00000, 0x00000000e4280000, 0x0000000100000000)
  eden space 179712K, 100% used [0x00000000d5e00000,0x00000000e0d80000,0x00000000e0d80000)
  from space 22528K, 1% used [0x00000000e2c80000,0x00000000e2cc8000,0x00000000e4280000)
  to   space 27136K, 0% used [0x00000000e0d80000,0x00000000e0d80000,0x00000000e2800000)
 ParOldGen       total 64512K, used 44131K [0x0000000081a00000, 0x0000000085900000, 0x00000000d5e00000)
  object space 64512K, 68% used [0x0000000081a00000,0x0000000084518e18,0x0000000085900000)
 Metaspace       used 47292K, capacity 48173K, committed 48512K, reserved 1091584K
  class space    used 5431K, capacity 5658K, committed 5760K, reserved 1048576K
Event: 175.136 GC heap after
Heap after GC invocations=20 (full 3):
 PSYoungGen      total 206848K, used 192K [0x00000000d5e00000, 0x00000000e7b00000, 0x0000000100000000)
  eden space 179712K, 0% used [0x00000000d5e00000,0x00000000d5e00000,0x00000000e0d80000)
  from space 27136K, 0% used [0x00000000e0d80000,0x00000000e0db0000,0x00000000e2800000)
  to   space 26624K, 0% used [0x00000000e6100000,0x00000000e6100000,0x00000000e7b00000)
 ParOldGen       total 64512K, used 44235K [0x0000000081a00000, 0x0000000085900000, 0x00000000d5e00000)
  object space 64512K, 68% used [0x0000000081a00000,0x0000000084532e48,0x0000000085900000)
 Metaspace       used 47292K, capacity 48173K, committed 48512K, reserved 1091584K
  class space    used 5431K, capacity 5658K, committed 5760K, reserved 1048576K
}
Event: 206.825 GC heap before
{Heap before GC invocations=21 (full 3):
 PSYoungGen      total 206848K, used 179904K [0x00000000d5e00000, 0x00000000e7b00000, 0x0000000100000000)
  eden space 179712K, 100% used [0x00000000d5e00000,0x00000000e0d80000,0x00000000e0d80000)
  from space 27136K, 0% used [0x00000000e0d80000,0x00000000e0db0000,0x00000000e2800000)
  to   space 26624K, 0% used [0x00000000e6100000,0x00000000e6100000,0x00000000e7b00000)
 ParOldGen       total 64512K, used 44235K [0x0000000081a00000, 0x0000000085900000, 0x00000000d5e00000)
  object space 64512K, 68% used [0x0000000081a00000,0x0000000084532e48,0x0000000085900000)
 Metaspace       used 47322K, capacity 48179K, committed 48512K, reserved 1091584K
  class space    used 5432K, capacity 5659K, committed 5760K, reserved 1048576K
Event: 206.829 GC heap after
Heap after GC invocations=21 (full 3):
 PSYoungGen      total 248832K, used 224K [0x00000000d5e00000, 0x00000000e7280000, 0x0000000100000000)
  eden space 230912K, 0% used [0x00000000d5e00000,0x00000000d5e00000,0x00000000e3f80000)
  from space 17920K, 1% used [0x00000000e6100000,0x00000000e6138000,0x00000000e7280000)
  to   space 26112K, 0% used [0x00000000e3f80000,0x00000000e3f80000,0x00000000e5900000)
 ParOldGen       total 64512K, used 44299K [0x0000000081a00000, 0x0000000085900000, 0x00000000d5e00000)
  object space 64512K, 68% used [0x0000000081a00000,0x0000000084542e58,0x0000000085900000)
 Metaspace       used 47322K, capacity 48179K, committed 48512K, reserved 1091584K
  class space    used 5432K, capacity 5659K, committed 5760K, reserved 1048576K
}

