# JRE version: Java(TM) SE Runtime Environment (8.0_25-b18) (build 1.8.0_25-b18)
# Java VM: Java HotSpot(TM) 64-Bit Server VM (25.25-b02 mixed mode windows-amd64 compressed oops)
Heap:
 PSYoungGen      total 350720K, used 204332K [0x00000000d5e00000, 0x00000000ede80000, 0x0000000100000000)
  eden space 323072K, 63% used [0x00000000d5e00000,0x00000000e25473b8,0x00000000e9980000)
  from space 27648K, 0% used [0x00000000ec380000,0x00000000ec3c4010,0x00000000ede80000)
  to   space 35328K, 0% used [0x00000000e9980000,0x00000000e9980000,0x00000000ebc00000)
 ParOldGen       total 110592K, used 34541K [0x0000000081a00000, 0x0000000088600000, 0x00000000d5e00000)
  object space 110592K, 31% used [0x0000000081a00000,0x0000000083bbb678,0x0000000088600000)
 Metaspace       used 46748K, capacity 47627K, committed 47872K, reserved 1091584K
  class space    used 5401K, capacity 5627K, committed 5632K, reserved 1048576K
GC Heap History (10 events):
Event: 11.752 GC heap before
{Heap before GC invocations=12 (full 2):
 PSYoungGen      total 248320K, used 324K [0x00000000d5e00000, 0x00000000e8080000, 0x0000000100000000)
  eden space 226816K, 0% used [0x00000000d5e00000,0x00000000d5e51020,0x00000000e3b80000)
  from space 21504K, 0% used [0x00000000e4a00000,0x00000000e4a00000,0x00000000e5f00000)
  to   space 34304K, 0% used [0x00000000e5f00000,0x00000000e5f00000,0x00000000e8080000)
 ParOldGen       total 63488K, used 56311K [0x0000000081a00000, 0x0000000085800000, 0x00000000d5e00000)
  object space 63488K, 88% used [0x0000000081a00000,0x00000000850fdce8,0x0000000085800000)
 Metaspace       used 33651K, capacity 34324K, committed 34560K, reserved 1079296K
  class space    used 4063K, capacity 4273K, committed 4352K, reserved 1048576K
Event: 11.754 GC heap after
Heap after GC invocations=12 (full 2):
 PSYoungGen      total 261120K, used 0K [0x00000000d5e00000, 0x00000000e8180000, 0x0000000100000000)
  eden space 226816K, 0% used [0x00000000d5e00000,0x00000000d5e00000,0x00000000e3b80000)
  from space 34304K, 0% used [0x00000000e5f00000,0x00000000e5f00000,0x00000000e8080000)
  to   space 35840K, 0% used [0x00000000e3b80000,0x00000000e3b80000,0x00000000e5e80000)
 ParOldGen       total 63488K, used 56311K [0x0000000081a00000, 0x0000000085800000, 0x00000000d5e00000)
  object space 63488K, 88% used [0x0000000081a00000,0x00000000850fdce8,0x0000000085800000)
 Metaspace       used 33651K, capacity 34324K, committed 34560K, reserved 1079296K
  class space    used 4063K, capacity 4273K, committed 4352K, reserved 1048576K
}
Event: 11.754 GC heap before
{Heap before GC invocations=13 (full 3):
 PSYoungGen      total 261120K, used 0K [0x00000000d5e00000, 0x00000000e8180000, 0x0000000100000000)
  eden space 226816K, 0% used [0x00000000d5e00000,0x00000000d5e00000,0x00000000e3b80000)
  from space 34304K, 0% used [0x00000000e5f00000,0x00000000e5f00000,0x00000000e8080000)
  to   space 35840K, 0% used [0x00000000e3b80000,0x00000000e3b80000,0x00000000e5e80000)
 ParOldGen       total 63488K, used 56311K [0x0000000081a00000, 0x0000000085800000, 0x00000000d5e00000)
  object space 63488K, 88% used [0x0000000081a00000,0x00000000850fdce8,0x0000000085800000)
 Metaspace       used 33651K, capacity 34324K, committed 34560K, reserved 1079296K
  class space    used 4063K, capacity 4273K, committed 4352K, reserved 1048576K
Event: 11.831 GC heap after
Heap after GC invocations=13 (full 3):
 PSYoungGen      total 261120K, used 0K [0x00000000d5e00000, 0x00000000e8180000, 0x0000000100000000)
  eden space 226816K, 0% used [0x00000000d5e00000,0x00000000d5e00000,0x00000000e3b80000)
  from space 34304K, 0% used [0x00000000e5f00000,0x00000000e5f00000,0x00000000e8080000)
  to   space 35840K, 0% used [0x00000000e3b80000,0x00000000e3b80000,0x00000000e5e80000)
 ParOldGen       total 63488K, used 56311K [0x0000000081a00000, 0x0000000085800000, 0x00000000d5e00000)
  object space 63488K, 88% used [0x0000000081a00000,0x00000000850fdcc8,0x0000000085800000)
 Metaspace       used 33651K, capacity 34324K, committed 34560K, reserved 1079296K
  class space    used 4063K, capacity 4273K, committed 4352K, reserved 1048576K
}
Event: 69.825 GC heap before
{Heap before GC invocations=14 (full 4):
 PSYoungGen      total 261120K, used 226816K [0x00000000d5e00000, 0x00000000e8180000, 0x0000000100000000)
  eden space 226816K, 100% used [0x00000000d5e00000,0x00000000e3b80000,0x00000000e3b80000)
  from space 34304K, 0% used [0x00000000e5f00000,0x00000000e5f00000,0x00000000e8080000)
  to   space 35840K, 0% used [0x00000000e3b80000,0x00000000e3b80000,0x00000000e5e80000)
 ParOldGen       total 63488K, used 56313K [0x0000000081a00000, 0x0000000085800000, 0x00000000d5e00000)
  object space 63488K, 88% used [0x0000000081a00000,0x00000000850fe498,0x0000000085800000)
 Metaspace       used 46267K, capacity 47201K, committed 47360K, reserved 1091584K
  class space    used 5366K, capacity 5620K, committed 5632K, reserved 1048576K
Event: 69.982 GC heap after
Heap after GC invocations=14 (full 4):
 PSYoungGen      total 261120K, used 0K [0x00000000d5e00000, 0x00000000e8180000, 0x0000000100000000)
  eden space 226816K, 0% used [0x00000000d5e00000,0x00000000d5e00000,0x00000000e3b80000)
  from space 34304K, 0% used [0x00000000e5f00000,0x00000000e5f00000,0x00000000e8080000)
  to   space 35840K, 0% used [0x00000000e3b80000,0x00000000e3b80000,0x00000000e5e80000)
 ParOldGen       total 110592K, used 34273K [0x0000000081a00000, 0x0000000088600000, 0x00000000d5e00000)
  object space 110592K, 30% used [0x0000000081a00000,0x0000000083b78608,0x0000000088600000)
 Metaspace       used 46267K, capacity 47201K, committed 47360K, reserved 1091584K
  class space    used 5366K, capacity 5620K, committed 5632K, reserved 1048576K
}
Event: 245.002 GC heap before
{Heap before GC invocations=15 (full 4):
 PSYoungGen      total 261120K, used 226816K [0x00000000d5e00000, 0x00000000e8180000, 0x0000000100000000)
  eden space 226816K, 100% used [0x00000000d5e00000,0x00000000e3b80000,0x00000000e3b80000)
  from space 34304K, 0% used [0x00000000e5f00000,0x00000000e5f00000,0x00000000e8080000)
  to   space 35840K, 0% used [0x00000000e3b80000,0x00000000e3b80000,0x00000000e5e80000)
 ParOldGen       total 110592K, used 34273K [0x0000000081a00000, 0x0000000088600000, 0x00000000d5e00000)
  object space 110592K, 30% used [0x0000000081a00000,0x0000000083b78608,0x0000000088600000)
 Metaspace       used 46545K, capacity 47487K, committed 47616K, reserved 1091584K
  class space    used 5385K, capacity 5625K, committed 5632K, reserved 1048576K
Event: 245.010 GC heap after
Heap after GC invocations=15 (full 4):
 PSYoungGen      total 262656K, used 416K [0x00000000d5e00000, 0x00000000ee600000, 0x0000000100000000)
  eden space 226816K, 0% used [0x00000000d5e00000,0x00000000d5e00000,0x00000000e3b80000)
  from space 35840K, 1% used [0x00000000e3b80000,0x00000000e3be8000,0x00000000e5e80000)
  to   space 35328K, 0% used [0x00000000ec380000,0x00000000ec380000,0x00000000ee600000)
 ParOldGen       total 110592K, used 34281K [0x0000000081a00000, 0x0000000088600000, 0x00000000d5e00000)
  object space 110592K, 30% used [0x0000000081a00000,0x0000000083b7a608,0x0000000088600000)
 Metaspace       used 46545K, capacity 47487K, committed 47616K, reserved 1091584K
  class space    used 5385K, capacity 5625K, committed 5632K, reserved 1048576K
}
Event: 338.798 GC heap before
{Heap before GC invocations=16 (full 4):
 PSYoungGen      total 262656K, used 227232K [0x00000000d5e00000, 0x00000000ee600000, 0x0000000100000000)
  eden space 226816K, 100% used [0x00000000d5e00000,0x00000000e3b80000,0x00000000e3b80000)
  from space 35840K, 1% used [0x00000000e3b80000,0x00000000e3be8000,0x00000000e5e80000)
  to   space 35328K, 0% used [0x00000000ec380000,0x00000000ec380000,0x00000000ee600000)
 ParOldGen       total 110592K, used 34281K [0x0000000081a00000, 0x0000000088600000, 0x00000000d5e00000)
  object space 110592K, 30% used [0x0000000081a00000,0x0000000083b7a608,0x0000000088600000)
 Metaspace       used 46609K, capacity 47487K, committed 47616K, reserved 1091584K
  class space    used 5385K, capacity 5625K, committed 5632K, reserved 1048576K
Event: 338.804 GC heap after
Heap after GC invocations=16 (full 4):
 PSYoungGen      total 350720K, used 272K [0x00000000d5e00000, 0x00000000ede80000, 0x0000000100000000)
  eden space 323072K, 0% used [0x00000000d5e00000,0x00000000d5e00000,0x00000000e9980000)
  from space 27648K, 0% used [0x00000000ec380000,0x00000000ec3c4010,0x00000000ede80000)
  to   space 35328K, 0% used [0x00000000e9980000,0x00000000e9980000,0x00000000ebc00000)
 ParOldGen       total 110592K, used 34541K [0x0000000081a00000, 0x0000000088600000, 0x00000000d5e00000)
  object space 110592K, 31% used [0x0000000081a00000,0x0000000083bbb678,0x0000000088600000)
 Metaspace       used 46609K, capacity 47487K, committed 47616K, reserved 1091584K
  class space    used 5385K, capacity 5625K, committed 5632K, reserved 1048576K
}

